mode: atomic
purser/internal/adapters/jobqueue/adapter.go:22.47,24.2 1 7
purser/internal/adapters/jobqueue/adapter.go:27.124,29.16 2 5
purser/internal/adapters/jobqueue/adapter.go:29.16,31.3 1 1
purser/internal/adapters/jobqueue/adapter.go:32.2,32.20 1 4
purser/internal/adapters/jobqueue/adapter.go:36.81,38.16 2 91
purser/internal/adapters/jobqueue/adapter.go:38.16,39.46 1 1
purser/internal/adapters/jobqueue/adapter.go:39.46,41.4 1 1
purser/internal/adapters/jobqueue/adapter.go:42.3,42.18 1 0
purser/internal/adapters/jobqueue/adapter.go:44.2,44.17 1 90
purser/internal/adapters/jobqueue/adapter.go:48.153,50.2 1 2
purser/internal/adapters/jobqueue/adapter.go:53.100,55.16 2 2
purser/internal/adapters/jobqueue/adapter.go:55.16,56.46 1 1
purser/internal/adapters/jobqueue/adapter.go:56.46,58.4 1 1
purser/internal/adapters/jobqueue/adapter.go:59.3,59.23 1 0
purser/internal/adapters/jobqueue/adapter.go:61.2,61.33 1 1
purser/internal/adapters/musicbrainz/musicbrainz.go:65.29,74.2 3 28
purser/internal/adapters/musicbrainz/musicbrainz.go:97.55,98.23 1 28
purser/internal/adapters/musicbrainz/musicbrainz.go:98.23,100.3 1 1
purser/internal/adapters/musicbrainz/musicbrainz.go:101.2,101.42 1 27
purser/internal/adapters/musicbrainz/musicbrainz.go:101.42,103.3 1 27
purser/internal/adapters/musicbrainz/musicbrainz.go:106.2,109.27 3 27
purser/internal/adapters/musicbrainz/musicbrainz.go:109.27,111.3 1 3
purser/internal/adapters/musicbrainz/musicbrainz.go:113.2,118.16 2 27
purser/internal/adapters/musicbrainz/musicbrainz.go:118.16,120.3 1 0
purser/internal/adapters/musicbrainz/musicbrainz.go:122.2,127.16 2 27
purser/internal/adapters/musicbrainz/musicbrainz.go:127.16,129.3 1 0
purser/internal/adapters/musicbrainz/musicbrainz.go:131.2,136.16 2 27
purser/internal/adapters/musicbrainz/musicbrainz.go:136.16,138.3 1 0
purser/internal/adapters/musicbrainz/musicbrainz.go:139.2,143.16 4 27
purser/internal/adapters/musicbrainz/musicbrainz.go:143.16,145.3 1 0
purser/internal/adapters/musicbrainz/musicbrainz.go:147.2,155.8 1 27
purser/internal/adapters/musicbrainz/musicbrainz.go:159.32,161.2 1 27
purser/internal/adapters/musicbrainz/musicbrainz.go:164.88,169.58 4 3
purser/internal/adapters/musicbrainz/musicbrainz.go:169.58,171.3 1 1
purser/internal/adapters/musicbrainz/musicbrainz.go:172.2,172.16 1 2
purser/internal/adapters/musicbrainz/musicbrainz.go:176.91,183.55 4 2
purser/internal/adapters/musicbrainz/musicbrainz.go:183.55,185.3 1 0
purser/internal/adapters/musicbrainz/musicbrainz.go:186.2,186.26 1 2
purser/internal/adapters/musicbrainz/musicbrainz.go:190.100,192.68 2 10
purser/internal/adapters/musicbrainz/musicbrainz.go:192.68,194.3 1 1
purser/internal/adapters/musicbrainz/musicbrainz.go:195.2,195.17 1 9
purser/internal/adapters/musicbrainz/musicbrainz.go:199.115,207.62 5 1
purser/internal/adapters/musicbrainz/musicbrainz.go:207.62,209.3 1 0
purser/internal/adapters/musicbrainz/musicbrainz.go:210.2,210.32 1 1
purser/internal/adapters/musicbrainz/musicbrainz.go:214.119,221.62 4 3
purser/internal/adapters/musicbrainz/musicbrainz.go:221.62,223.3 1 0
purser/internal/adapters/musicbrainz/musicbrainz.go:224.2,224.32 1 3
purser/internal/adapters/musicbrainz/musicbrainz.go:228.90,233.59 4 3
purser/internal/adapters/musicbrainz/musicbrainz.go:233.59,235.3 1 1
purser/internal/adapters/musicbrainz/musicbrainz.go:236.2,236.16 1 2
purser/internal/adapters/musicbrainz/musicbrainz.go:240.107,249.56 6 2
purser/internal/adapters/musicbrainz/musicbrainz.go:249.56,251.3 1 0
purser/internal/adapters/musicbrainz/musicbrainz.go:252.2,252.27 1 2
purser/internal/adapters/musicbrainz/musicbrainz.go:256.103,263.56 4 3
purser/internal/adapters/musicbrainz/musicbrainz.go:263.56,265.3 1 0
purser/internal/adapters/musicbrainz/musicbrainz.go:266.2,266.27 1 3
purser/internal/adapters/musicbrainz/musicbrainz.go:270.101,277.59 4 3
purser/internal/adapters/musicbrainz/musicbrainz.go:277.59,279.3 1 1
purser/internal/adapters/musicbrainz/musicbrainz.go:280.2,280.29 1 2
purser/internal/adapters/musicbrainz/musicbrainz.go:288.85,289.14 1 30
purser/internal/adapters/musicbrainz/musicbrainz.go:289.14,291.3 1 10
purser/internal/adapters/musicbrainz/musicbrainz.go:292.2,299.44 4 30
purser/internal/adapters/musicbrainz/musicbrainz.go:299.44,301.3 1 0
purser/internal/adapters/musicbrainz/musicbrainz.go:303.2,305.16 3 30
purser/internal/adapters/musicbrainz/musicbrainz.go:305.16,307.3 1 0
purser/internal/adapters/musicbrainz/musicbrainz.go:309.2,310.16 2 30
purser/internal/adapters/musicbrainz/musicbrainz.go:310.16,312.3 1 0
purser/internal/adapters/musicbrainz/musicbrainz.go:313.2,313.15 1 30
purser/internal/adapters/musicbrainz/musicbrainz.go:313.15,313.40 1 30
purser/internal/adapters/musicbrainz/musicbrainz.go:315.2,321.44 3 30
purser/internal/adapters/musicbrainz/musicbrainz.go:321.44,324.3 2 4
purser/internal/adapters/musicbrainz/musicbrainz.go:325.2,325.53 1 26
purser/internal/adapters/musicbrainz/musicbrainz.go:325.53,327.3 1 0
purser/internal/adapters/musicbrainz/musicbrainz.go:329.2,329.63 1 26
purser/internal/adapters/musicbrainz/musicbrainz.go:329.63,331.3 1 0
purser/internal/adapters/musicbrainz/musicbrainz.go:333.2,334.12 2 26
purser/internal/adapters/musicbrainz/musicbrainz.go:346.32,352.2 1 27
purser/internal/adapters/musicbrainz/musicbrainz.go:355.40,356.26 1 1
purser/internal/adapters/musicbrainz/musicbrainz.go:356.26,356.42 1 1
purser/internal/adapters/musicbrainz/musicbrainz.go:360.57,361.26 1 1
purser/internal/adapters/musicbrainz/musicbrainz.go:361.26,361.51 1 1
purser/internal/adapters/musicbrainz/musicbrainz.go:365.56,366.26 1 1
purser/internal/adapters/musicbrainz/musicbrainz.go:366.26,366.50 1 1
purser/internal/domain/collection.go:21.39,23.2 1 5
purser/internal/domain/collection.go:41.49,43.2 1 8
purser/internal/domain/credit.go:35.40,37.2 1 6
purser/internal/domain/credit.go:54.39,56.2 1 5
purser/internal/domain/external_id.go:39.39,41.2 1 10
purser/internal/domain/group.go:30.34,32.2 1 8
purser/internal/domain/id.go:11.21,13.16 2 1003
purser/internal/domain/id.go:13.16,16.53 1 0
purser/internal/domain/id.go:18.2,18.20 1 1003
purser/internal/domain/image.go:44.36,46.2 1 7
purser/internal/domain/item.go:32.33,34.2 1 10
purser/internal/domain/library_entry.go:33.41,35.2 1 10
purser/internal/domain/media_file.go:30.38,32.2 1 5
purser/internal/domain/person.go:28.33,30.2 1 3
purser/internal/domain/person.go:33.30,34.11 1 9
purser/internal/domain/person.go:36.50,37.14 1 7
purser/internal/domain/person.go:38.10,39.15 1 2
purser/internal/domain/person.go:78.35,80.2 1 9
purser/internal/domain/tag.go:26.32,28.2 1 8
purser/internal/domain/tag_assignment.go:19.42,21.2 1 8
purser/internal/domain/unmatched_file.go:97.42,99.2 1 11
purser/internal/domain/validate.go:32.37,34.2 1 3
purser/internal/domain/validate.go:42.42,44.30 2 1
purser/internal/domain/validate.go:44.30,46.3 1 2
purser/internal/domain/validate.go:47.2,47.34 1 1
purser/internal/domain/validate.go:54.34,56.16 2 114
purser/internal/domain/validate.go:56.16,58.3 1 48
purser/internal/domain/validate.go:60.2,61.29 2 66
purser/internal/domain/validate.go:61.29,66.3 1 1
purser/internal/domain/validate.go:68.2,69.27 2 65
purser/internal/domain/validate.go:69.27,75.3 1 66
purser/internal/domain/validate.go:76.2,76.44 1 65
purser/internal/version/version.go:17.22,18.43 1 2
purser/internal/version/version.go:18.43,20.3 1 1
purser/internal/version/version.go:21.2,21.52 1 1
purser/internal/domain/music/release.go:60.36,62.2 1 9
purser/internal/domain/music/validate.go:22.34,24.16 2 9
purser/internal/domain/music/validate.go:24.16,26.3 1 2
purser/internal/domain/music/validate.go:28.2,29.29 2 7
purser/internal/domain/music/validate.go:29.29,31.3 1 0
purser/internal/domain/music/validate.go:33.2,34.27 2 7
purser/internal/domain/music/validate.go:34.27,40.3 1 7
purser/internal/domain/music/validate.go:41.2,41.51 1 7
purser/internal/adapters/filewalker/local/local.go:35.43,37.27 2 6
purser/internal/adapters/filewalker/local/local.go:37.27,39.3 1 3
purser/internal/adapters/filewalker/local/local.go:41.2,48.150 4 6
purser/internal/adapters/filewalker/local/local.go:48.150,50.3 1 0
purser/internal/adapters/filewalker/local/local.go:52.2,52.15 1 6
purser/internal/adapters/filewalker/local/local.go:56.89,61.79 4 6
purser/internal/adapters/filewalker/local/local.go:61.79,62.17 1 16
purser/internal/adapters/filewalker/local/local.go:62.17,64.4 1 1
purser/internal/adapters/filewalker/local/local.go:65.3,65.41 1 15
purser/internal/adapters/filewalker/local/local.go:65.41,67.4 1 9
purser/internal/adapters/filewalker/local/local.go:68.3,69.17 2 6
purser/internal/adapters/filewalker/local/local.go:69.17,71.4 1 0
purser/internal/adapters/filewalker/local/local.go:72.3,73.13 2 6
purser/internal/adapters/filewalker/local/local.go:75.2,75.16 1 6
purser/internal/adapters/filewalker/local/local.go:75.16,77.3 1 1
purser/internal/adapters/filewalker/local/local.go:79.2,81.19 3 5
purser/internal/adapters/filewalker/local/local.go:93.32,99.2 1 6
purser/internal/adapters/filewalker/local/local.go:102.40,103.26 1 1
purser/internal/adapters/filewalker/local/local.go:103.26,103.42 1 1
purser/internal/adapters/filewalker/local/local.go:107.57,108.26 1 1
purser/internal/adapters/filewalker/local/local.go:108.26,108.51 1 1
purser/internal/adapters/filewalker/local/local.go:112.56,113.26 1 1
purser/internal/adapters/filewalker/local/local.go:113.26,113.50 1 1
purser/internal/domain/afterdark/performer.go:38.45,40.2 1 4
purser/internal/domain/afterdark/validate.go:26.34,28.16 2 5
purser/internal/domain/afterdark/validate.go:28.16,30.3 1 2
purser/internal/domain/afterdark/validate.go:32.2,33.29 2 3
purser/internal/domain/afterdark/validate.go:33.29,35.3 1 1
purser/internal/domain/afterdark/validate.go:37.2,38.27 2 2
purser/internal/domain/afterdark/validate.go:38.27,44.3 1 2
purser/internal/domain/afterdark/validate.go:45.2,45.51 1 2
purser/internal/adapters/pipeline/scan_executor.go:59.113,61.2 1 8
purser/internal/adapters/pipeline/scan_executor.go:64.82,66.16 2 8
purser/internal/adapters/pipeline/scan_executor.go:66.16,68.3 1 0
purser/internal/adapters/pipeline/scan_executor.go:70.2,73.33 3 8
purser/internal/adapters/pipeline/scan_executor.go:73.33,74.51 1 9
purser/internal/adapters/pipeline/scan_executor.go:74.51,76.4 1 0
purser/internal/adapters/pipeline/scan_executor.go:77.3,77.89 1 9
purser/internal/adapters/pipeline/scan_executor.go:77.89,79.4 1 0
purser/internal/adapters/pipeline/scan_executor.go:82.2,82.12 1 8
purser/internal/adapters/pipeline/scan_executor.go:89.133,93.16 3 9
purser/internal/adapters/pipeline/scan_executor.go:93.16,95.3 1 0
purser/internal/adapters/pipeline/scan_executor.go:96.2,96.20 1 9
purser/internal/adapters/pipeline/scan_executor.go:96.20,97.114 1 1
purser/internal/adapters/pipeline/scan_executor.go:97.114,99.4 1 0
purser/internal/adapters/pipeline/scan_executor.go:100.3,100.61 1 1
purser/internal/adapters/pipeline/scan_executor.go:102.2,102.99 1 8
purser/internal/adapters/pipeline/scan_executor.go:102.99,104.3 1 0
purser/internal/adapters/pipeline/scan_executor.go:106.2,107.28 2 8
purser/internal/adapters/pipeline/scan_executor.go:107.28,109.3 1 3
purser/internal/adapters/pipeline/scan_executor.go:111.2,111.81 1 5
purser/internal/adapters/pipeline/scan_executor.go:120.169,122.16 2 8
purser/internal/adapters/pipeline/scan_executor.go:122.16,124.3 1 0
purser/internal/adapters/pipeline/scan_executor.go:126.2,127.21 2 8
purser/internal/adapters/pipeline/scan_executor.go:127.21,128.112 1 1
purser/internal/adapters/pipeline/scan_executor.go:128.112,130.4 1 0
purser/internal/adapters/pipeline/scan_executor.go:131.3,131.68 1 1
purser/internal/adapters/pipeline/scan_executor.go:133.2,133.13 1 7
purser/internal/adapters/pipeline/scan_executor.go:133.13,134.97 1 2
purser/internal/adapters/pipeline/scan_executor.go:134.97,136.4 1 0
purser/internal/adapters/pipeline/scan_executor.go:137.3,137.71 1 2
purser/internal/adapters/pipeline/scan_executor.go:139.2,139.130 1 5
purser/internal/adapters/pipeline/scan_executor.go:139.130,141.3 1 0
purser/internal/adapters/pipeline/scan_executor.go:142.2,142.18 1 5
purser/internal/adapters/pipeline/scan_executor.go:148.144,150.16 2 5
purser/internal/adapters/pipeline/scan_executor.go:150.16,152.3 1 0
purser/internal/adapters/pipeline/scan_executor.go:154.2,155.52 2 5
purser/internal/adapters/pipeline/scan_executor.go:155.52,157.3 1 5
purser/internal/adapters/pipeline/scan_executor.go:158.2,170.38 2 5
purser/internal/adapters/pipeline/scan_executor.go:170.38,171.102 1 0
purser/internal/adapters/pipeline/scan_executor.go:171.102,173.4 1 0
purser/internal/adapters/pipeline/scan_executor.go:174.3,174.61 1 0
purser/internal/adapters/pipeline/scan_executor.go:176.2,176.47 1 5
purser/internal/adapters/pipeline/scan_executor.go:176.47,177.102 1 1
purser/internal/adapters/pipeline/scan_executor.go:177.102,179.4 1 0
purser/internal/adapters/pipeline/scan_executor.go:180.3,180.61 1 1
purser/internal/adapters/pipeline/scan_executor.go:183.2,183.135 1 4
purser/internal/adapters/pipeline/scan_executor.go:183.135,185.3 1 0
purser/internal/adapters/pipeline/scan_executor.go:186.2,186.63 1 4
purser/internal/adapters/pipeline/scan_executor.go:198.157,200.9 2 8
purser/internal/adapters/pipeline/scan_executor.go:201.18,203.57 2 1
purser/internal/adapters/pipeline/scan_executor.go:203.57,205.4 1 0
purser/internal/adapters/pipeline/scan_executor.go:206.3,206.98 1 1
purser/internal/adapters/pipeline/scan_executor.go:207.42,208.25 1 1
purser/internal/adapters/pipeline/scan_executor.go:211.2,212.9 2 6
purser/internal/adapters/pipeline/scan_executor.go:213.18,215.48 2 1
purser/internal/adapters/pipeline/scan_executor.go:215.48,217.4 1 0
purser/internal/adapters/pipeline/scan_executor.go:218.3,218.106 1 1
purser/internal/adapters/pipeline/scan_executor.go:219.42,220.25 1 0
purser/internal/adapters/pipeline/scan_executor.go:223.2,223.24 1 5
purser/internal/adapters/pipeline/scan_executor.go:231.144,235.16 3 9
purser/internal/adapters/pipeline/scan_executor.go:235.16,237.3 1 1
purser/internal/adapters/pipeline/scan_executor.go:238.2,241.16 3 8
purser/internal/adapters/pipeline/scan_executor.go:241.16,243.3 1 0
purser/internal/adapters/pipeline/scan_executor.go:244.2,246.15 2 8
purser/internal/adapters/pipeline/scan_executor.go:246.15,248.17 2 2
purser/internal/adapters/pipeline/scan_executor.go:248.17,250.4 1 0
purser/internal/adapters/pipeline/scan_executor.go:251.3,251.25 1 2
purser/internal/adapters/pipeline/scan_executor.go:254.2,254.18 1 8
purser/internal/adapters/pipeline/scan_executor.go:254.18,256.17 2 1
purser/internal/adapters/pipeline/scan_executor.go:256.17,258.4 1 0
purser/internal/adapters/pipeline/scan_executor.go:259.3,259.31 1 1
purser/internal/adapters/pipeline/scan_executor.go:262.2,262.56 1 8
purser/internal/config/config.go:28.29,39.2 3 24
purser/internal/config/config.go:44.34,45.31 1 10
purser/internal/config/config.go:45.31,47.3 1 1
purser/internal/config/config.go:48.2,48.27 1 9
purser/internal/config/config.go:48.27,50.3 1 0
purser/internal/config/config.go:51.2,51.46 1 9
purser/internal/config/config.go:51.46,53.3 1 2
purser/internal/config/config.go:54.2,54.24 1 7
purser/internal/config/config.go:54.24,56.3 1 1
purser/internal/config/config.go:57.2,57.47 1 6
purser/internal/config/config.go:57.47,59.3 1 2
purser/internal/config/config.go:60.2,60.46 1 4
purser/internal/config/config.go:60.46,62.3 1 0
purser/internal/config/config.go:63.2,63.12 1 4
purser/internal/config/config.go:70.62,100.22 20 15
purser/internal/config/config.go:100.22,102.42 2 2
purser/internal/config/config.go:102.42,104.4 1 1
purser/internal/config/config.go:107.2,108.42 2 14
purser/internal/config/config.go:108.42,110.3 1 0
purser/internal/config/config.go:118.2,119.17 2 14
purser/internal/config/config.go:125.41,126.39 1 38
purser/internal/config/config.go:126.39,128.3 1 37
purser/internal/config/config.go:129.2,129.67 1 38
purser/internal/config/config.go:129.67,131.3 1 1
purser/internal/config/config.go:132.2,132.26 1 38
purser/internal/config/config.go:132.26,134.3 1 37
purser/internal/config/database.go:46.33,48.2 1 24
purser/internal/config/database.go:51.36,52.18 1 9
purser/internal/config/database.go:53.47,53.47 0 8
purser/internal/config/database.go:54.10,55.104 1 1
purser/internal/config/database.go:57.2,57.51 1 8
purser/internal/config/database.go:57.51,58.22 1 2
purser/internal/config/database.go:58.22,60.4 1 1
purser/internal/config/database.go:62.2,62.12 1 7
purser/internal/config/media.go:14.27,16.2 1 24
purser/internal/config/paths.go:22.27,24.16 2 24
purser/internal/config/paths.go:24.16,31.3 1 0
purser/internal/config/paths.go:32.2,32.53 1 24
purser/internal/config/pipeline.go:28.33,34.2 1 24
purser/internal/config/pipeline.go:40.36,42.2 1 4
purser/internal/config/server.go:14.29,16.2 1 24
purser/internal/config/telemetry.go:34.35,41.2 1 24
purser/internal/config/telemetry.go:45.37,46.16 1 6
purser/internal/config/telemetry.go:46.16,48.3 1 4
purser/internal/config/telemetry.go:49.2,49.26 1 2
purser/internal/config/telemetry.go:49.26,51.3 1 1
purser/internal/config/telemetry.go:52.2,52.25 1 1
purser/internal/config/telemetry.go:52.25,54.3 1 1
purser/internal/config/telemetry.go:55.2,55.12 1 0
purser/pkg/jobqueue/memory/memory.go:24.19,26.2 1 9
purser/pkg/jobqueue/memory/memory.go:29.69,33.39 3 18
purser/pkg/jobqueue/memory/memory.go:33.39,35.3 1 0
purser/pkg/jobqueue/memory/memory.go:36.2,38.12 3 18
purser/pkg/jobqueue/memory/memory.go:42.69,46.40 3 2
purser/pkg/jobqueue/memory/memory.go:46.40,48.3 1 1
purser/pkg/jobqueue/memory/memory.go:49.2,50.12 2 1
purser/pkg/jobqueue/memory/memory.go:54.77,59.9 4 6
purser/pkg/jobqueue/memory/memory.go:59.9,61.3 1 1
purser/pkg/jobqueue/memory/memory.go:62.2,62.23 1 5
purser/pkg/jobqueue/memory/memory.go:70.147,74.19 3 5
purser/pkg/jobqueue/memory/memory.go:74.19,76.3 1 0
purser/pkg/jobqueue/memory/memory.go:78.2,79.21 2 5
purser/pkg/jobqueue/memory/memory.go:79.21,80.30 1 2
purser/pkg/jobqueue/memory/memory.go:80.30,81.23 1 6
purser/pkg/jobqueue/memory/memory.go:81.23,83.10 2 2
purser/pkg/jobqueue/memory/memory.go:88.2,90.40 3 5
purser/pkg/jobqueue/memory/memory.go:90.40,92.37 2 14
purser/pkg/jobqueue/memory/memory.go:92.37,93.12 1 6
purser/pkg/jobqueue/memory/memory.go:95.3,96.28 2 8
purser/pkg/jobqueue/memory/memory.go:96.28,97.26 1 2
purser/pkg/jobqueue/memory/memory.go:97.26,99.5 1 2
purser/pkg/jobqueue/memory/memory.go:100.4,100.9 1 2
purser/pkg/jobqueue/memory/memory.go:103.2,103.33 1 5
purser/pkg/cache/memory/memory.go:32.44,34.2 1 9
purser/pkg/cache/memory/memory.go:36.39,38.2 1 89
purser/pkg/cache/memory/memory.go:64.78,65.16 1 18
purser/pkg/cache/memory/memory.go:65.16,67.3 1 1
purser/pkg/cache/memory/memory.go:68.2,68.23 1 17
purser/pkg/cache/memory/memory.go:68.23,70.3 1 1
purser/pkg/cache/memory/memory.go:72.2,73.27 2 16
purser/pkg/cache/memory/memory.go:73.27,75.3 1 4
purser/pkg/cache/memory/memory.go:77.2,88.102 5 16
purser/pkg/cache/memory/memory.go:88.102,90.3 1 0
purser/pkg/cache/memory/memory.go:91.2,91.108 1 16
purser/pkg/cache/memory/memory.go:91.108,93.3 1 0
purser/pkg/cache/memory/memory.go:94.2,94.102 1 16
purser/pkg/cache/memory/memory.go:94.102,96.3 1 0
purser/pkg/cache/memory/memory.go:97.2,97.120 1 16
purser/pkg/cache/memory/memory.go:97.120,99.3 1 0
purser/pkg/cache/memory/memory.go:100.2,100.149 1 16
purser/pkg/cache/memory/memory.go:100.149,102.3 1 0
purser/pkg/cache/memory/memory.go:104.2,105.16 2 16
purser/pkg/cache/memory/memory.go:105.16,107.3 1 0
purser/pkg/cache/memory/memory.go:108.2,112.82 2 16
purser/pkg/cache/memory/memory.go:112.82,115.4 2 2
purser/pkg/cache/memory/memory.go:116.16,118.3 1 0
purser/pkg/cache/memory/memory.go:120.2,122.82 1 16
purser/pkg/cache/memory/memory.go:122.82,125.4 2 2
purser/pkg/cache/memory/memory.go:126.16,128.3 1 0
purser/pkg/cache/memory/memory.go:130.2,136.15 2 16
purser/pkg/cache/memory/memory.go:145.48,147.2 1 20
purser/pkg/cache/memory/memory.go:150.76,151.21 1 16
purser/pkg/cache/memory/memory.go:151.21,153.3 1 1
purser/pkg/cache/memory/memory.go:155.2,161.9 5 15
purser/pkg/cache/memory/memory.go:161.9,166.3 4 6
purser/pkg/cache/memory/memory.go:168.2,168.27 1 9
purser/pkg/cache/memory/memory.go:168.27,175.3 6 1
purser/pkg/cache/memory/memory.go:177.2,180.26 4 8
purser/pkg/cache/memory/memory.go:184.74,185.21 1 23
purser/pkg/cache/memory/memory.go:185.21,187.3 1 1
purser/pkg/cache/memory/memory.go:189.2,193.26 4 22
purser/pkg/cache/memory/memory.go:193.26,195.3 1 22
purser/pkg/cache/memory/memory.go:197.2,197.36 1 22
purser/pkg/cache/memory/memory.go:197.36,199.3 1 2
purser/pkg/cache/memory/memory.go:201.2,201.24 1 22
purser/pkg/cache/memory/memory.go:201.24,202.58 1 22
purser/pkg/cache/memory/memory.go:202.58,203.45 1 1
purser/pkg/cache/memory/memory.go:203.45,204.10 1 0
purser/pkg/cache/memory/memory.go:206.4,206.136 1 1
purser/pkg/cache/memory/memory.go:210.2,212.13 3 22
purser/pkg/cache/memory/memory.go:212.13,214.3 1 2
purser/pkg/cache/memory/memory.go:216.2,218.12 3 22
purser/pkg/cache/memory/memory.go:222.63,223.21 1 5
purser/pkg/cache/memory/memory.go:223.21,225.3 1 1
purser/pkg/cache/memory/memory.go:227.2,233.12 6 4
purser/pkg/cache/memory/memory.go:237.55,238.21 1 4
purser/pkg/cache/memory/memory.go:238.21,240.3 1 1
purser/pkg/cache/memory/memory.go:242.2,247.15 5 3
purser/pkg/cache/memory/memory.go:251.31,252.43 1 17
purser/pkg/cache/memory/memory.go:252.43,254.3 1 1
purser/pkg/cache/memory/memory.go:255.2,257.12 3 16
purser/pkg/cache/memory/memory.go:269.32,275.2 1 16
purser/pkg/cache/memory/memory.go:278.40,279.26 1 1
purser/pkg/cache/memory/memory.go:279.26,279.42 1 1
purser/pkg/cache/memory/memory.go:283.57,284.26 1 1
purser/pkg/cache/memory/memory.go:284.26,284.51 1 1
purser/pkg/cache/memory/memory.go:288.56,289.26 1 2
purser/pkg/cache/memory/memory.go:289.26,289.50 1 2
purser/internal/adapters/imagestore/local/local.go:56.61,57.16 1 11
purser/internal/adapters/imagestore/local/local.go:57.16,59.3 1 0
purser/internal/adapters/imagestore/local/local.go:60.2,60.16 1 11
purser/internal/adapters/imagestore/local/local.go:60.16,62.3 1 0
purser/internal/adapters/imagestore/local/local.go:64.2,65.16 2 11
purser/internal/adapters/imagestore/local/local.go:65.16,67.3 1 0
purser/internal/adapters/imagestore/local/local.go:68.2,68.52 1 11
purser/internal/adapters/imagestore/local/local.go:68.52,70.3 1 0
purser/internal/adapters/imagestore/local/local.go:72.2,73.27 2 11
purser/internal/adapters/imagestore/local/local.go:73.27,75.3 1 1
purser/internal/adapters/imagestore/local/local.go:77.2,86.117 3 11
purser/internal/adapters/imagestore/local/local.go:86.117,88.3 1 0
purser/internal/adapters/imagestore/local/local.go:89.2,89.112 1 11
purser/internal/adapters/imagestore/local/local.go:89.112,91.3 1 0
purser/internal/adapters/imagestore/local/local.go:92.2,92.123 1 11
purser/internal/adapters/imagestore/local/local.go:92.123,94.3 1 0
purser/internal/adapters/imagestore/local/local.go:96.2,97.15 2 11
purser/internal/adapters/imagestore/local/local.go:101.93,109.21 3 10
purser/internal/adapters/imagestore/local/local.go:109.21,111.3 1 0
purser/internal/adapters/imagestore/local/local.go:112.2,112.14 1 10
purser/internal/adapters/imagestore/local/local.go:112.14,114.3 1 0
purser/internal/adapters/imagestore/local/local.go:116.2,126.63 6 10
purser/internal/adapters/imagestore/local/local.go:126.63,128.3 1 0
purser/internal/adapters/imagestore/local/local.go:130.2,131.16 2 10
purser/internal/adapters/imagestore/local/local.go:131.16,133.3 1 0
purser/internal/adapters/imagestore/local/local.go:134.2,135.15 2 10
purser/internal/adapters/imagestore/local/local.go:135.15,137.17 2 10
purser/internal/adapters/imagestore/local/local.go:137.17,139.4 1 1
purser/internal/adapters/imagestore/local/local.go:142.2,143.16 2 10
purser/internal/adapters/imagestore/local/local.go:143.16,145.3 1 0
purser/internal/adapters/imagestore/local/local.go:146.2,146.26 1 10
purser/internal/adapters/imagestore/local/local.go:146.26,148.3 1 1
purser/internal/adapters/imagestore/local/local.go:150.2,150.36 1 9
purser/internal/adapters/imagestore/local/local.go:150.36,152.3 1 0
purser/internal/adapters/imagestore/local/local.go:153.2,153.52 1 9
purser/internal/adapters/imagestore/local/local.go:153.52,155.3 1 0
purser/internal/adapters/imagestore/local/local.go:156.2,163.74 2 9
purser/internal/adapters/imagestore/local/local.go:163.74,165.3 1 0
purser/internal/adapters/imagestore/local/local.go:167.2,169.17 3 9
purser/internal/adapters/imagestore/local/local.go:173.77,181.16 4 10
purser/internal/adapters/imagestore/local/local.go:181.16,183.3 1 1
purser/internal/adapters/imagestore/local/local.go:185.2,186.36 2 9
purser/internal/adapters/imagestore/local/local.go:186.36,189.3 2 3
purser/internal/adapters/imagestore/local/local.go:190.2,190.16 1 6
purser/internal/adapters/imagestore/local/local.go:190.16,192.3 1 0
purser/internal/adapters/imagestore/local/local.go:194.2,195.15 2 6
purser/internal/adapters/imagestore/local/local.go:199.63,207.16 4 3
purser/internal/adapters/imagestore/local/local.go:207.16,209.3 1 1
purser/internal/adapters/imagestore/local/local.go:211.2,211.40 1 2
purser/internal/adapters/imagestore/local/local.go:211.40,212.37 1 1
purser/internal/adapters/imagestore/local/local.go:212.37,214.4 1 1
purser/internal/adapters/imagestore/local/local.go:215.3,215.76 1 0
purser/internal/adapters/imagestore/local/local.go:218.2,220.12 3 1
purser/internal/adapters/imagestore/local/local.go:230.53,231.15 1 13
purser/internal/adapters/imagestore/local/local.go:231.15,233.3 1 0
purser/internal/adapters/imagestore/local/local.go:234.2,235.83 2 13
purser/internal/adapters/imagestore/local/local.go:235.83,237.3 1 2
purser/internal/adapters/imagestore/local/local.go:238.2,238.18 1 11
purser/internal/adapters/imagestore/local/local.go:244.59,246.16 2 9
purser/internal/adapters/imagestore/local/local.go:246.16,248.3 1 0
purser/internal/adapters/imagestore/local/local.go:249.2,249.28 1 9
purser/internal/adapters/imagestore/local/local.go:249.28,250.16 1 10
purser/internal/adapters/imagestore/local/local.go:250.16,251.12 1 9
purser/internal/adapters/imagestore/local/local.go:253.3,253.73 1 1
purser/internal/adapters/imagestore/local/local.go:253.73,255.4 1 0
purser/internal/adapters/imagestore/local/local.go:257.2,257.12 1 9
purser/internal/adapters/imagestore/local/local.go:260.30,261.18 1 10
purser/internal/adapters/imagestore/local/local.go:261.18,263.3 1 10
purser/internal/adapters/imagestore/local/local.go:264.2,264.11 1 0
purser/internal/adapters/imagestore/local/local.go:267.43,268.9 1 10
purser/internal/adapters/imagestore/local/local.go:269.36,270.16 1 6
purser/internal/adapters/imagestore/local/local.go:271.35,272.16 1 3
purser/internal/adapters/imagestore/local/local.go:273.36,274.17 1 0
purser/internal/adapters/imagestore/local/local.go:275.35,276.16 1 0
purser/internal/adapters/imagestore/local/local.go:277.35,278.16 1 0
purser/internal/adapters/imagestore/local/local.go:279.10,280.16 1 1
purser/internal/adapters/imagestore/local/local.go:294.32,301.2 1 11
purser/internal/adapters/imagestore/local/local.go:304.35,305.26 1 1
purser/internal/adapters/imagestore/local/local.go:305.26,305.44 1 1
purser/internal/adapters/imagestore/local/local.go:309.40,310.26 1 0
purser/internal/adapters/imagestore/local/local.go:310.26,310.42 1 0
purser/internal/adapters/imagestore/local/local.go:314.57,315.26 1 0
purser/internal/adapters/imagestore/local/local.go:315.26,315.51 1 0
purser/internal/adapters/imagestore/local/local.go:319.56,320.26 1 0
purser/internal/adapters/imagestore/local/local.go:320.26,320.50 1 0
purser/pkg/fswatch/fsnotify/adapter.go:30.44,32.16 2 6
purser/pkg/fswatch/fsnotify/adapter.go:32.16,34.3 1 0
purser/pkg/fswatch/fsnotify/adapter.go:36.2,37.27 2 6
purser/pkg/fswatch/fsnotify/adapter.go:37.27,39.3 1 1
purser/pkg/fswatch/fsnotify/adapter.go:41.2,51.15 4 6
purser/pkg/fswatch/fsnotify/adapter.go:54.26,59.6 4 6
purser/pkg/fswatch/fsnotify/adapter.go:59.6,60.10 1 9
purser/pkg/fswatch/fsnotify/adapter.go:61.35,62.11 1 3
purser/pkg/fswatch/fsnotify/adapter.go:62.11,64.5 1 0
purser/pkg/fswatch/fsnotify/adapter.go:65.4,66.11 2 3
purser/pkg/fswatch/fsnotify/adapter.go:66.11,67.13 1 0
purser/pkg/fswatch/fsnotify/adapter.go:69.4,69.11 1 3
purser/pkg/fswatch/fsnotify/adapter.go:70.25,70.25 0 3
purser/pkg/fswatch/fsnotify/adapter.go:71.18,72.11 1 0
purser/pkg/fswatch/fsnotify/adapter.go:74.36,75.11 1 0
purser/pkg/fswatch/fsnotify/adapter.go:75.11,77.5 1 0
purser/pkg/fswatch/fsnotify/adapter.go:78.4,78.11 1 0
purser/pkg/fswatch/fsnotify/adapter.go:79.25,79.25 0 0
purser/pkg/fswatch/fsnotify/adapter.go:80.18,81.11 1 0
purser/pkg/fswatch/fsnotify/adapter.go:83.17,84.10 1 6
purser/pkg/fswatch/fsnotify/adapter.go:89.58,90.9 1 3
purser/pkg/fswatch/fsnotify/adapter.go:91.29,92.69 1 1
purser/pkg/fswatch/fsnotify/adapter.go:93.28,94.68 1 1
purser/pkg/fswatch/fsnotify/adapter.go:95.29,96.69 1 1
purser/pkg/fswatch/fsnotify/adapter.go:97.29,98.69 1 0
purser/pkg/fswatch/fsnotify/adapter.go:99.10,101.35 1 0
purser/pkg/fswatch/fsnotify/adapter.go:106.42,106.70 1 5
purser/pkg/fswatch/fsnotify/adapter.go:109.45,109.76 1 1
purser/pkg/fswatch/fsnotify/adapter.go:112.52,112.71 1 4
purser/pkg/fswatch/fsnotify/adapter.go:115.41,115.60 1 1
purser/pkg/fswatch/fsnotify/adapter.go:118.33,120.24 2 6
purser/pkg/fswatch/fsnotify/adapter.go:120.24,125.3 4 6
purser/pkg/fswatch/fsnotify/adapter.go:126.2,126.12 1 6
purser/pkg/fswatch/fsnotify/options.go:12.32,14.2 1 6
purser/pkg/fswatch/fsnotify/options.go:17.40,18.26 1 1
purser/pkg/fswatch/fsnotify/options.go:18.26,18.42 1 1
purser/pkg/filehash/filehash.go:41.42,43.16 2 4
purser/pkg/filehash/filehash.go:43.16,45.3 1 1
purser/pkg/filehash/filehash.go:46.2,46.15 1 3
purser/pkg/filehash/filehash.go:46.15,46.32 1 3
purser/pkg/filehash/filehash.go:48.2,49.16 2 3
purser/pkg/filehash/filehash.go:49.16,51.3 1 0
purser/pkg/filehash/filehash.go:52.2,53.22 2 3
purser/pkg/filehash/filehash.go:53.22,55.3 1 1
purser/pkg/filehash/filehash.go:57.2,60.48 3 2
purser/pkg/filehash/filehash.go:60.48,62.3 1 0
purser/pkg/filehash/filehash.go:63.2,66.58 3 2
purser/pkg/filehash/filehash.go:66.58,68.3 1 0
purser/pkg/filehash/filehash.go:69.2,71.41 2 2
purser/pkg/filehash/filehash.go:79.34,81.38 2 4
purser/pkg/filehash/filehash.go:81.38,83.3 1 32768
purser/pkg/filehash/filehash.go:84.2,84.12 1 4
purser/pkg/filehash/filehash.go:88.39,90.2 1 3
purser/pkg/filehash/filehash.go:93.40,95.2 1 3
purser/pkg/filehash/filehash.go:98.42,100.2 1 3
purser/pkg/filehash/filehash.go:104.55,106.16 2 9
purser/pkg/filehash/filehash.go:106.16,108.3 1 3
purser/pkg/filehash/filehash.go:109.2,109.15 1 6
purser/pkg/filehash/filehash.go:109.15,109.32 1 6
purser/pkg/filehash/filehash.go:111.2,111.41 1 6
purser/pkg/filehash/filehash.go:111.41,113.3 1 0
purser/pkg/filehash/filehash.go:114.2,114.44 1 6
purser/pkg/httpclient/cachingtransport.go:49.102,51.27 2 6
purser/pkg/httpclient/cachingtransport.go:51.27,53.3 1 0
purser/pkg/httpclient/cachingtransport.go:55.2,57.16 3 6
purser/pkg/httpclient/cachingtransport.go:57.16,59.3 1 0
purser/pkg/httpclient/cachingtransport.go:60.2,61.16 2 6
purser/pkg/httpclient/cachingtransport.go:61.16,63.3 1 0
purser/pkg/httpclient/cachingtransport.go:65.2,72.8 1 6
purser/pkg/httpclient/cachingtransport.go:76.81,77.67 1 9
purser/pkg/httpclient/cachingtransport.go:77.67,79.3 1 2
purser/pkg/httpclient/cachingtransport.go:81.2,88.56 4 7
purser/pkg/httpclient/cachingtransport.go:88.56,90.3 1 1
purser/pkg/httpclient/cachingtransport.go:90.8,90.15 1 6
purser/pkg/httpclient/cachingtransport.go:90.15,92.18 2 2
purser/pkg/httpclient/cachingtransport.go:92.18,97.4 4 1
purser/pkg/httpclient/cachingtransport.go:98.3,98.94 1 1
purser/pkg/httpclient/cachingtransport.go:101.2,105.16 4 6
purser/pkg/httpclient/cachingtransport.go:105.16,107.3 1 1
purser/pkg/httpclient/cachingtransport.go:109.2,109.38 1 5
purser/pkg/httpclient/cachingtransport.go:109.38,110.69 1 3
purser/pkg/httpclient/cachingtransport.go:110.69,111.58 1 3
purser/pkg/httpclient/cachingtransport.go:111.58,113.5 1 1
purser/pkg/httpclient/cachingtransport.go:117.2,117.18 1 5
purser/pkg/httpclient/cachingtransport.go:120.41,122.2 1 8
purser/pkg/httpclient/client.go:21.60,23.27 2 7
purser/pkg/httpclient/client.go:23.27,25.3 1 1
purser/pkg/httpclient/client.go:27.2,28.17 2 7
purser/pkg/httpclient/client.go:28.17,47.3 1 6
purser/pkg/httpclient/client.go:49.2,50.16 2 7
purser/pkg/httpclient/client.go:50.16,52.3 1 0
purser/pkg/httpclient/client.go:54.2,58.8 1 7
purser/pkg/httpclient/client.go:61.77,62.58 1 7
purser/pkg/httpclient/client.go:62.58,63.22 1 3
purser/pkg/httpclient/client.go:63.22,65.4 1 2
purser/pkg/httpclient/client.go:66.3,66.13 1 1
purser/pkg/httpclient/config.go:59.29,74.2 1 7
purser/pkg/httpclient/options.go:27.32,33.2 1 19
purser/pkg/httpclient/options.go:36.40,37.26 1 0
purser/pkg/httpclient/options.go:37.26,37.42 1 0
purser/pkg/httpclient/options.go:41.57,42.26 1 0
purser/pkg/httpclient/options.go:42.26,42.51 1 0
purser/pkg/httpclient/options.go:46.56,47.26 1 0
purser/pkg/httpclient/options.go:47.26,47.50 1 0
purser/pkg/httpclient/options.go:53.53,54.26 1 1
purser/pkg/httpclient/options.go:54.26,54.50 1 1
purser/pkg/httpclient/tracehooks.go:23.34,25.2 1 16
purser/pkg/httpclient/tracehooks.go:27.59,29.42 1 15
purser/pkg/httpclient/tracehooks.go:29.42,33.4 3 1
purser/pkg/httpclient/tracehooks.go:34.40,38.4 3 1
purser/pkg/httpclient/tracehooks.go:39.38,43.4 3 8
purser/pkg/httpclient/tracehooks.go:44.44,48.4 3 8
purser/pkg/httpclient/tracehooks.go:49.29,53.4 3 2
purser/pkg/httpclient/tracehooks.go:54.54,58.4 3 2
purser/pkg/httpclient/tracehooks.go:62.50,66.2 3 30
purser/pkg/httpclient/tracehooks.go:68.54,72.2 3 30
purser/pkg/httpclient/tracehooks.go:74.50,78.2 3 30
purser/pkg/httpclient/tracehooks.go:80.57,81.37 1 94
purser/pkg/httpclient/tracehooks.go:81.37,83.3 1 71
purser/pkg/httpclient/tracehooks.go:84.2,84.24 1 23
purser/pkg/httpclient/transport.go:30.117,37.16 3 13
purser/pkg/httpclient/transport.go:37.16,39.3 1 0
purser/pkg/httpclient/transport.go:41.2,47.8 1 13
purser/pkg/httpclient/transport.go:51.86,52.61 1 14
purser/pkg/httpclient/transport.go:52.61,55.3 2 10
purser/pkg/httpclient/transport.go:57.2,96.16 12 14
purser/pkg/httpclient/transport.go:96.16,103.3 6 3
purser/pkg/httpclient/transport.go:105.2,110.18 5 11
purser/pkg/jobqueue/diagnostic.go:31.68,32.22 1 7
purser/pkg/jobqueue/diagnostic.go:32.22,34.3 1 4
purser/pkg/jobqueue/diagnostic.go:35.2,36.33 2 3
purser/pkg/jobqueue/diagnostic.go:36.33,38.10 2 5
purser/pkg/jobqueue/diagnostic.go:38.10,39.12 1 0
purser/pkg/jobqueue/diagnostic.go:41.3,42.59 2 5
purser/pkg/jobqueue/diagnostic.go:42.59,43.12 1 0
purser/pkg/jobqueue/diagnostic.go:45.3,45.22 1 5
purser/pkg/jobqueue/diagnostic.go:47.2,47.15 1 3
purser/pkg/jobqueue/diagnostic.go:57.50,59.2 1 12
purser/pkg/jobqueue/diagnostic.go:67.76,69.16 2 7
purser/pkg/jobqueue/diagnostic.go:69.16,71.3 1 0
purser/pkg/jobqueue/diagnostic.go:73.2,75.33 2 7
purser/pkg/jobqueue/diagnostic.go:75.33,76.51 1 13
purser/pkg/jobqueue/diagnostic.go:76.51,78.4 1 0
purser/pkg/jobqueue/diagnostic.go:80.3,83.40 3 13
purser/pkg/jobqueue/diagnostic.go:83.40,85.18 2 30
purser/pkg/jobqueue/diagnostic.go:85.18,87.5 1 0
purser/pkg/jobqueue/diagnostic.go:89.4,92.33 3 30
purser/pkg/jobqueue/diagnostic.go:92.33,95.96 3 5
purser/pkg/jobqueue/diagnostic.go:95.96,97.6 1 0
purser/pkg/jobqueue/diagnostic.go:98.5,101.10 2 5
purser/pkg/jobqueue/diagnostic.go:104.4,104.117 1 25
purser/pkg/jobqueue/diagnostic.go:104.117,106.5 1 0
purser/pkg/jobqueue/diagnostic.go:109.3,109.64 1 13
purser/pkg/jobqueue/diagnostic.go:109.64,111.4 1 0
purser/pkg/jobqueue/diagnostic.go:114.2,114.12 1 7
purser/pkg/jobqueue/engine.go:48.53,50.27 2 12
purser/pkg/jobqueue/engine.go:50.27,52.3 1 12
purser/pkg/jobqueue/engine.go:54.2,67.16 5 12
purser/pkg/jobqueue/engine.go:67.16,68.70 1 0
purser/pkg/jobqueue/engine.go:70.2,72.16 1 12
purser/pkg/jobqueue/engine.go:72.16,73.60 1 0
purser/pkg/jobqueue/engine.go:75.2,77.16 1 12
purser/pkg/jobqueue/engine.go:77.16,78.59 1 0
purser/pkg/jobqueue/engine.go:81.2,82.10 2 12
purser/pkg/jobqueue/engine.go:87.55,91.2 3 15
purser/pkg/jobqueue/engine.go:93.57,98.2 4 11
purser/pkg/jobqueue/engine.go:107.121,109.9 2 11
purser/pkg/jobqueue/engine.go:109.9,111.3 1 1
purser/pkg/jobqueue/engine.go:113.2,121.35 3 10
purser/pkg/jobqueue/engine.go:121.35,123.3 1 17
purser/pkg/jobqueue/engine.go:125.2,125.52 1 10
purser/pkg/jobqueue/engine.go:125.52,127.3 1 0
purser/pkg/jobqueue/engine.go:129.2,139.25 5 10
purser/pkg/jobqueue/engine.go:144.68,146.2 1 275
purser/pkg/jobqueue/engine.go:151.128,153.2 1 2
purser/pkg/jobqueue/engine.go:165.90,166.54 1 4
purser/pkg/jobqueue/engine.go:166.54,168.3 1 1
purser/pkg/jobqueue/engine.go:170.2,173.16 3 3
purser/pkg/jobqueue/engine.go:173.16,176.3 2 0
purser/pkg/jobqueue/engine.go:182.2,183.27 2 3
purser/pkg/jobqueue/engine.go:183.27,185.3 1 1
purser/pkg/jobqueue/engine.go:187.2,187.29 1 3
purser/pkg/jobqueue/engine.go:192.72,197.16 4 10
purser/pkg/jobqueue/engine.go:197.16,200.3 2 0
purser/pkg/jobqueue/engine.go:202.2,204.52 3 10
purser/pkg/jobqueue/engine.go:204.52,207.3 2 0
purser/pkg/jobqueue/engine.go:208.2,211.20 3 10
purser/pkg/jobqueue/engine.go:211.20,213.3 1 0
purser/pkg/jobqueue/engine.go:215.2,216.16 2 10
purser/pkg/jobqueue/engine.go:216.16,219.3 2 0
purser/pkg/jobqueue/engine.go:220.2,222.52 3 10
purser/pkg/jobqueue/engine.go:222.52,225.3 2 0
purser/pkg/jobqueue/engine.go:226.2,228.90 2 10
purser/pkg/jobqueue/engine.go:233.50,234.20 1 15
purser/pkg/jobqueue/engine.go:234.20,236.3 1 1
purser/pkg/jobqueue/engine.go:237.2,237.25 1 14
purser/pkg/jobqueue/engine.go:237.25,239.3 1 1
purser/pkg/jobqueue/engine.go:240.2,241.30 2 13
purser/pkg/jobqueue/engine.go:241.30,242.19 1 23
purser/pkg/jobqueue/engine.go:243.24,244.15 1 14
purser/pkg/jobqueue/engine.go:245.21,246.12 1 9
purser/pkg/jobqueue/engine.go:249.2,249.9 1 13
purser/pkg/jobqueue/engine.go:250.19,251.25 1 7
purser/pkg/jobqueue/engine.go:252.22,253.22 1 3
purser/pkg/jobqueue/engine.go:254.10,255.23 1 3
purser/pkg/jobqueue/engine.go:268.32,274.2 1 12
purser/pkg/jobqueue/engine.go:277.40,278.26 1 12
purser/pkg/jobqueue/engine.go:278.26,278.42 1 12
purser/pkg/jobqueue/engine.go:282.57,283.26 1 0
purser/pkg/jobqueue/engine.go:283.26,283.51 1 0
purser/pkg/jobqueue/engine.go:287.56,288.26 1 0
purser/pkg/jobqueue/engine.go:288.26,288.50 1 0
purser/pkg/jobqueue/hub.go:54.39,56.2 1 19
purser/pkg/jobqueue/hub.go:66.96,71.26 5 12
purser/pkg/jobqueue/hub.go:71.26,73.3 1 10
purser/pkg/jobqueue/hub.go:74.2,77.34 3 12
purser/pkg/jobqueue/hub.go:77.34,77.61 1 3
purser/pkg/jobqueue/hub.go:77.70,77.93 1 12
purser/pkg/jobqueue/hub.go:86.55,90.9 4 3
purser/pkg/jobqueue/hub.go:90.9,92.3 1 0
purser/pkg/jobqueue/hub.go:93.2,94.9 2 3
purser/pkg/jobqueue/hub.go:94.9,96.3 1 0
purser/pkg/jobqueue/hub.go:97.2,97.9 1 3
purser/pkg/jobqueue/hub.go:98.19,98.19 0 3
purser/pkg/jobqueue/hub.go:99.10,99.10 0 0
purser/pkg/jobqueue/hub.go:107.44,111.9 4 17
purser/pkg/jobqueue/hub.go:111.9,113.3 1 5
purser/pkg/jobqueue/hub.go:114.2,114.27 1 12
purser/pkg/jobqueue/hub.go:114.27,117.3 2 12
purser/pkg/jobqueue/hub.go:118.2,118.20 1 12
purser/pkg/jobqueue/hub.go:118.20,120.3 1 10
purser/pkg/jobqueue/hub.go:129.35,133.28 4 156
purser/pkg/jobqueue/hub.go:133.28,135.3 1 54
purser/pkg/jobqueue/hub.go:136.2,139.25 3 156
purser/pkg/jobqueue/hub.go:139.25,140.10 1 54
purser/pkg/jobqueue/hub.go:141.20,141.20 0 49
purser/pkg/jobqueue/hub.go:142.11,143.107 1 5
purser/pkg/jobqueue/hub.go:145.3,145.15 1 54
purser/pkg/jobqueue/hub.go:145.15,147.4 1 4
purser/pkg/jobqueue/job.go:20.21,22.16 2 57
purser/pkg/jobqueue/job.go:22.16,25.55 1 0
purser/pkg/jobqueue/job.go:27.2,27.20 1 57
purser/pkg/jobqueue/job.go:46.33,47.11 1 182
purser/pkg/jobqueue/job.go:48.52,49.14 1 32
purser/pkg/jobqueue/job.go:50.10,51.15 1 150
purser/pkg/jobqueue/job.go:82.35,83.35 1 8
purser/pkg/jobqueue/job.go:83.35,85.3 1 2
purser/pkg/jobqueue/job.go:86.2,87.28 2 6
purser/pkg/jobqueue/job.go:87.28,88.26 1 15
purser/pkg/jobqueue/job.go:88.26,90.4 1 12
purser/pkg/jobqueue/job.go:92.2,92.46 1 6
purser/pkg/jobqueue/job.go:114.34,115.35 1 5
purser/pkg/jobqueue/job.go:115.35,117.3 1 2
purser/pkg/jobqueue/job.go:118.2,119.28 2 3
purser/pkg/jobqueue/job.go:119.28,120.26 1 8
purser/pkg/jobqueue/job.go:120.26,122.4 1 7
purser/pkg/jobqueue/job.go:124.2,124.46 1 3
purser/pkg/jobqueue/job.go:129.28,130.14 1 659
purser/pkg/jobqueue/job.go:130.14,132.3 1 1
purser/pkg/jobqueue/job.go:133.2,134.21 2 658
purser/pkg/jobqueue/job.go:134.21,136.30 2 260
purser/pkg/jobqueue/job.go:136.30,138.4 1 410
purser/pkg/jobqueue/job.go:140.2,141.28 2 658
purser/pkg/jobqueue/job.go:141.28,144.29 3 1475
purser/pkg/jobqueue/job.go:144.29,146.23 2 1905
purser/pkg/jobqueue/job.go:146.23,148.34 2 1560
purser/pkg/jobqueue/job.go:148.34,150.6 1 1560
purser/pkg/jobqueue/job.go:152.4,152.23 1 1905
purser/pkg/jobqueue/job.go:154.3,154.21 1 1475
purser/pkg/jobqueue/job.go:156.2,156.12 1 658
purser/pkg/jobqueue/job.go:163.62,164.34 1 2
purser/pkg/jobqueue/job.go:164.34,166.3 1 1
purser/pkg/jobqueue/job.go:167.2,167.40 1 1
purser/pkg/jobqueue/job.go:167.40,169.3 1 0
purser/pkg/jobqueue/job.go:170.2,170.13 1 1
purser/pkg/jobqueue/job.go:174.44,175.28 1 94
purser/pkg/jobqueue/job.go:175.28,176.21 1 154
purser/pkg/jobqueue/job.go:176.21,178.4 1 94
purser/pkg/jobqueue/job.go:180.2,180.12 1 0
purser/pkg/jobqueue/job.go:184.45,185.28 1 30
purser/pkg/jobqueue/job.go:185.28,186.21 1 55
purser/pkg/jobqueue/job.go:186.21,188.4 1 30
purser/pkg/jobqueue/job.go:190.2,190.12 1 0
purser/pkg/jobqueue/runner.go:25.57,27.2 1 10
purser/pkg/jobqueue/runner.go:32.95,34.16 2 94
purser/pkg/jobqueue/runner.go:34.16,36.3 1 0
purser/pkg/jobqueue/runner.go:37.2,38.14 2 94
purser/pkg/jobqueue/runner.go:38.14,40.3 1 0
purser/pkg/jobqueue/runner.go:41.2,42.59 2 94
purser/pkg/jobqueue/runner.go:42.59,44.3 1 0
purser/pkg/jobqueue/runner.go:45.2,45.17 1 94
purser/pkg/jobqueue/runner.go:49.70,50.54 1 17
purser/pkg/jobqueue/runner.go:50.54,53.3 2 17
purser/pkg/jobqueue/runner.go:54.2,54.16 1 17
purser/pkg/jobqueue/runner.go:54.16,56.3 1 0
purser/pkg/jobqueue/runner.go:57.2,58.12 2 17
purser/pkg/jobqueue/runner.go:62.86,63.54 1 17
purser/pkg/jobqueue/runner.go:63.54,66.3 2 17
purser/pkg/jobqueue/runner.go:67.2,67.16 1 17
purser/pkg/jobqueue/runner.go:67.16,69.3 1 0
purser/pkg/jobqueue/runner.go:70.2,71.12 2 17
purser/pkg/jobqueue/runner.go:87.91,90.54 3 30
purser/pkg/jobqueue/runner.go:90.54,92.3 1 30
purser/pkg/jobqueue/runner.go:93.2,93.16 1 30
purser/pkg/jobqueue/runner.go:93.16,95.3 1 0
purser/pkg/jobqueue/runner.go:96.2,109.113 4 30
purser/pkg/jobqueue/runner.go:119.118,121.64 2 30
purser/pkg/jobqueue/runner.go:121.64,123.15 2 30
purser/pkg/jobqueue/runner.go:123.15,125.4 1 0
purser/pkg/jobqueue/runner.go:126.3,129.20 4 30
purser/pkg/jobqueue/runner.go:131.2,131.22 1 30
purser/pkg/jobqueue/runner.go:131.22,133.3 1 30
purser/pkg/jobqueue/runner.go:135.2,152.16 8 30
purser/pkg/jobqueue/runner.go:152.16,154.3 1 5
purser/pkg/jobqueue/runner.go:154.8,156.3 1 25
purser/pkg/jobqueue/runner.go:158.2,158.18 1 30
purser/internal/adapters/store/composite.go:57.201,58.16 1 5
purser/internal/adapters/store/composite.go:58.16,60.3 1 1
purser/internal/adapters/store/composite.go:61.2,61.22 1 4
purser/internal/adapters/store/composite.go:61.22,63.3 1 0
purser/internal/adapters/store/composite.go:64.2,64.15 1 4
purser/internal/adapters/store/composite.go:64.15,66.3 1 0
purser/internal/adapters/store/composite.go:67.2,67.18 1 4
purser/internal/adapters/store/composite.go:67.18,69.3 1 1
purser/internal/adapters/store/composite.go:70.2,70.20 1 3
purser/internal/adapters/store/composite.go:70.20,72.3 1 1
purser/internal/adapters/store/composite.go:74.2,75.27 2 2
purser/internal/adapters/store/composite.go:75.27,77.3 1 0
purser/internal/adapters/store/composite.go:79.2,91.142 4 2
purser/internal/adapters/store/composite.go:91.142,93.3 1 0
purser/internal/adapters/store/composite.go:94.2,94.130 1 2
purser/internal/adapters/store/composite.go:94.130,96.3 1 0
purser/internal/adapters/store/composite.go:97.2,97.142 1 2
purser/internal/adapters/store/composite.go:97.142,99.3 1 0
purser/internal/adapters/store/composite.go:100.2,100.142 1 2
purser/internal/adapters/store/composite.go:100.142,102.3 1 0
purser/internal/adapters/store/composite.go:103.2,103.133 1 2
purser/internal/adapters/store/composite.go:103.133,105.3 1 0
purser/internal/adapters/store/composite.go:107.2,108.15 2 2
purser/internal/adapters/store/composite.go:114.74,121.16 5 5
purser/internal/adapters/store/composite.go:121.16,123.3 1 0
purser/internal/adapters/store/composite.go:125.2,125.128 1 5
purser/internal/adapters/store/composite.go:125.128,127.3 1 1
purser/internal/adapters/store/composite.go:129.2,131.12 3 4
purser/internal/adapters/store/composite.go:138.82,144.23 4 0
purser/internal/adapters/store/composite.go:144.23,146.17 2 0
purser/internal/adapters/store/composite.go:146.17,148.4 1 0
purser/internal/adapters/store/composite.go:149.3,149.114 1 0
purser/internal/adapters/store/composite.go:152.2,152.52 1 0
purser/internal/adapters/store/composite.go:152.52,154.3 1 0
purser/internal/adapters/store/composite.go:156.2,158.12 3 0
purser/internal/adapters/store/composite.go:163.90,172.16 6 3
purser/internal/adapters/store/composite.go:172.16,173.40 1 1
purser/internal/adapters/store/composite.go:173.40,175.4 1 1
purser/internal/adapters/store/composite.go:176.3,176.18 1 1
purser/internal/adapters/store/composite.go:179.2,180.53 2 2
purser/internal/adapters/store/composite.go:180.53,182.3 1 0
purser/internal/adapters/store/composite.go:183.2,183.16 1 2
purser/internal/adapters/store/composite.go:188.74,195.16 5 1
purser/internal/adapters/store/composite.go:195.16,197.3 1 0
purser/internal/adapters/store/composite.go:199.2,199.128 1 1
purser/internal/adapters/store/composite.go:199.128,201.3 1 0
purser/internal/adapters/store/composite.go:203.2,205.12 3 1
purser/internal/adapters/store/composite.go:210.87,216.59 4 1
purser/internal/adapters/store/composite.go:216.59,218.3 1 0
purser/internal/adapters/store/composite.go:220.2,222.12 3 1
purser/internal/adapters/store/composite.go:230.140,236.16 4 2
purser/internal/adapters/store/composite.go:236.16,238.3 1 0
purser/internal/adapters/store/composite.go:240.2,241.27 2 2
purser/internal/adapters/store/composite.go:241.27,243.54 2 5
purser/internal/adapters/store/composite.go:243.54,245.4 1 0
purser/internal/adapters/store/composite.go:246.3,246.32 1 5
purser/internal/adapters/store/composite.go:249.2,251.32 3 2
purser/internal/adapters/store/composite.go:254.50,257.2 2 6
purser/internal/adapters/store/composite.go:259.40,261.2 1 10
purser/internal/adapters/store/filtered.go:53.180,54.16 1 3
purser/internal/adapters/store/filtered.go:54.16,56.3 1 0
purser/internal/adapters/store/filtered.go:57.2,57.22 1 3
purser/internal/adapters/store/filtered.go:57.22,59.3 1 0
purser/internal/adapters/store/filtered.go:60.2,60.15 1 3
purser/internal/adapters/store/filtered.go:60.15,62.3 1 0
purser/internal/adapters/store/filtered.go:63.2,63.17 1 3
purser/internal/adapters/store/filtered.go:63.17,65.3 1 0
purser/internal/adapters/store/filtered.go:66.2,66.20 1 3
purser/internal/adapters/store/filtered.go:66.20,68.3 1 0
purser/internal/adapters/store/filtered.go:70.2,71.27 2 3
purser/internal/adapters/store/filtered.go:71.27,73.3 1 0
purser/internal/adapters/store/filtered.go:75.2,87.142 4 3
purser/internal/adapters/store/filtered.go:87.142,89.3 1 0
purser/internal/adapters/store/filtered.go:90.2,90.130 1 3
purser/internal/adapters/store/filtered.go:90.130,92.3 1 0
purser/internal/adapters/store/filtered.go:93.2,93.142 1 3
purser/internal/adapters/store/filtered.go:93.142,95.3 1 0
purser/internal/adapters/store/filtered.go:96.2,96.142 1 3
purser/internal/adapters/store/filtered.go:96.142,98.3 1 0
purser/internal/adapters/store/filtered.go:99.2,99.133 1 3
purser/internal/adapters/store/filtered.go:99.133,101.3 1 0
purser/internal/adapters/store/filtered.go:103.2,104.15 2 3
purser/internal/adapters/store/filtered.go:109.73,116.16 5 5
purser/internal/adapters/store/filtered.go:116.16,118.3 1 0
purser/internal/adapters/store/filtered.go:120.2,121.46 2 5
purser/internal/adapters/store/filtered.go:121.46,123.3 1 1
purser/internal/adapters/store/filtered.go:125.2,127.12 3 4
purser/internal/adapters/store/filtered.go:132.81,140.16 5 6
purser/internal/adapters/store/filtered.go:140.16,141.40 1 1
purser/internal/adapters/store/filtered.go:141.40,143.4 1 1
purser/internal/adapters/store/filtered.go:144.3,144.18 1 1
purser/internal/adapters/store/filtered.go:147.2,148.53 2 5
purser/internal/adapters/store/filtered.go:148.53,150.3 1 0
purser/internal/adapters/store/filtered.go:151.2,151.16 1 5
purser/internal/adapters/store/filtered.go:156.73,163.16 5 1
purser/internal/adapters/store/filtered.go:163.16,165.3 1 0
purser/internal/adapters/store/filtered.go:167.2,168.46 2 1
purser/internal/adapters/store/filtered.go:168.46,170.3 1 0
purser/internal/adapters/store/filtered.go:172.2,174.12 3 1
purser/internal/adapters/store/filtered.go:179.78,184.59 3 1
purser/internal/adapters/store/filtered.go:184.59,186.3 1 0
purser/internal/adapters/store/filtered.go:188.2,190.12 3 1
purser/internal/adapters/store/filtered.go:197.86,202.65 3 0
purser/internal/adapters/store/filtered.go:202.65,204.3 1 0
purser/internal/adapters/store/filtered.go:206.2,208.12 3 0
purser/internal/adapters/store/filtered.go:215.81,221.23 4 2
purser/internal/adapters/store/filtered.go:221.23,224.17 3 4
purser/internal/adapters/store/filtered.go:224.17,226.4 1 0
purser/internal/adapters/store/filtered.go:227.3,227.109 1 4
purser/internal/adapters/store/filtered.go:230.2,230.52 1 2
purser/internal/adapters/store/filtered.go:230.52,232.3 1 1
purser/internal/adapters/store/filtered.go:234.2,236.12 3 1
purser/internal/adapters/store/filtered.go:242.139,248.16 4 2
purser/internal/adapters/store/filtered.go:248.16,250.3 1 0
purser/internal/adapters/store/filtered.go:252.2,253.27 2 2
purser/internal/adapters/store/filtered.go:253.27,255.54 2 1
purser/internal/adapters/store/filtered.go:255.54,257.4 1 0
purser/internal/adapters/store/filtered.go:258.3,258.32 1 1
purser/internal/adapters/store/filtered.go:261.2,263.32 3 2
purser/internal/adapters/store/store.go:55.128,56.16 1 5
purser/internal/adapters/store/store.go:56.16,58.3 1 1
purser/internal/adapters/store/store.go:59.2,59.22 1 4
purser/internal/adapters/store/store.go:59.22,61.3 1 1
purser/internal/adapters/store/store.go:62.2,62.15 1 3
purser/internal/adapters/store/store.go:62.15,64.3 1 1
purser/internal/adapters/store/store.go:65.2,65.17 1 2
purser/internal/adapters/store/store.go:65.17,67.3 1 1
purser/internal/adapters/store/store.go:69.2,70.27 2 1
purser/internal/adapters/store/store.go:70.27,72.3 1 0
purser/internal/adapters/store/store.go:74.2,86.142 4 1
purser/internal/adapters/store/store.go:86.142,88.3 1 0
purser/internal/adapters/store/store.go:89.2,89.130 1 1
purser/internal/adapters/store/store.go:89.130,91.3 1 0
purser/internal/adapters/store/store.go:92.2,92.142 1 1
purser/internal/adapters/store/store.go:92.142,94.3 1 0
purser/internal/adapters/store/store.go:95.2,95.142 1 1
purser/internal/adapters/store/store.go:95.142,97.3 1 0
purser/internal/adapters/store/store.go:98.2,98.133 1 1
purser/internal/adapters/store/store.go:98.133,100.3 1 0
purser/internal/adapters/store/store.go:102.2,103.15 2 1
purser/internal/adapters/store/store.go:108.65,115.16 5 2
purser/internal/adapters/store/store.go:115.16,117.3 1 0
purser/internal/adapters/store/store.go:119.2,119.107 1 2
purser/internal/adapters/store/store.go:119.107,121.3 1 1
purser/internal/adapters/store/store.go:123.2,125.12 3 1
purser/internal/adapters/store/store.go:130.73,138.16 5 3
purser/internal/adapters/store/store.go:138.16,139.40 1 1
purser/internal/adapters/store/store.go:139.40,141.4 1 1
purser/internal/adapters/store/store.go:142.3,142.18 1 1
purser/internal/adapters/store/store.go:145.2,146.53 2 2
purser/internal/adapters/store/store.go:146.53,148.3 1 0
purser/internal/adapters/store/store.go:149.2,149.16 1 2
purser/internal/adapters/store/store.go:154.65,161.16 5 1
purser/internal/adapters/store/store.go:161.16,163.3 1 0
purser/internal/adapters/store/store.go:165.2,165.107 1 1
purser/internal/adapters/store/store.go:165.107,167.3 1 0
purser/internal/adapters/store/store.go:169.2,171.12 3 1
purser/internal/adapters/store/store.go:176.70,181.59 3 1
purser/internal/adapters/store/store.go:181.59,183.3 1 0
purser/internal/adapters/store/store.go:185.2,187.12 3 1
purser/internal/adapters/store/store.go:194.78,199.65 3 0
purser/internal/adapters/store/store.go:199.65,201.3 1 0
purser/internal/adapters/store/store.go:203.2,205.12 3 0
purser/internal/adapters/store/store.go:211.105,217.16 4 1
purser/internal/adapters/store/store.go:217.16,219.3 1 0
purser/internal/adapters/store/store.go:221.2,222.27 2 1
purser/internal/adapters/store/store.go:222.27,224.54 2 1
purser/internal/adapters/store/store.go:224.54,226.4 1 0
purser/internal/adapters/store/store.go:227.3,227.32 1 1
purser/internal/adapters/store/store.go:230.2,232.32 3 1
purser/internal/adapters/store/store.go:240.47,240.66 1 0
purser/internal/adapters/store/store.go:244.47,244.66 1 0
purser/internal/adapters/store/store.go:248.62,248.88 1 0
purser/internal/adapters/store/store.go:259.32,265.2 1 6
purser/internal/adapters/store/store.go:268.40,269.26 1 0
purser/internal/adapters/store/store.go:269.26,269.42 1 0
purser/internal/adapters/store/store.go:273.57,274.26 1 0
purser/internal/adapters/store/store.go:274.26,274.51 1 0
purser/internal/adapters/store/store.go:278.56,279.26 1 0
purser/internal/adapters/store/store.go:279.26,279.50 1 0
purser/internal/adapters/datastore/sql/dialect.go:29.51,30.32 1 161
purser/internal/adapters/datastore/sql/dialect.go:30.32,32.3 1 161
purser/internal/adapters/datastore/sql/dialect.go:33.2,36.26 4 0
purser/internal/adapters/datastore/sql/dialect.go:36.26,37.15 1 0
purser/internal/adapters/datastore/sql/dialect.go:37.15,39.12 2 0
purser/internal/adapters/datastore/sql/dialect.go:41.3,43.33 3 0
purser/internal/adapters/datastore/sql/dialect.go:45.2,45.19 1 0
purser/internal/adapters/datastore/sql/dialect.go:53.50,54.16 1 2
purser/internal/adapters/datastore/sql/dialect.go:54.16,56.3 1 0
purser/internal/adapters/datastore/sql/dialect.go:57.2,57.17 1 2
purser/internal/adapters/datastore/sql/dialect.go:58.23,60.29 2 0
purser/internal/adapters/datastore/sql/dialect.go:60.29,62.4 1 0
purser/internal/adapters/datastore/sql/dialect.go:63.20,65.29 2 0
purser/internal/adapters/datastore/sql/dialect.go:65.29,67.4 1 0
purser/internal/adapters/datastore/sql/dialect.go:68.21,69.67 1 2
purser/internal/adapters/datastore/sql/dialect.go:71.2,71.14 1 0
purser/internal/adapters/datastore/sql/sql.go:40.42,42.16 2 19
purser/internal/adapters/datastore/sql/sql.go:42.16,44.3 1 0
purser/internal/adapters/datastore/sql/sql.go:46.2,47.16 2 19
purser/internal/adapters/datastore/sql/sql.go:47.16,49.3 1 0
purser/internal/adapters/datastore/sql/sql.go:51.2,51.35 1 19
purser/internal/adapters/datastore/sql/sql.go:51.35,57.88 2 19
purser/internal/adapters/datastore/sql/sql.go:57.88,60.4 2 0
purser/internal/adapters/datastore/sql/sql.go:63.2,63.56 1 19
purser/internal/adapters/datastore/sql/sql.go:63.56,66.3 2 0
purser/internal/adapters/datastore/sql/sql.go:68.2,68.16 1 19
purser/internal/adapters/datastore/sql/sql.go:71.44,72.11 1 19
purser/internal/adapters/datastore/sql/sql.go:73.23,74.20 1 0
purser/internal/adapters/datastore/sql/sql.go:75.20,76.22 1 0
purser/internal/adapters/datastore/sql/sql.go:77.21,78.23 1 19
purser/internal/adapters/datastore/sql/sql.go:79.10,80.64 1 0
purser/internal/adapters/datastore/sql/sql.go:84.55,89.48 2 19
purser/internal/adapters/datastore/sql/sql.go:89.48,91.3 1 0
purser/internal/adapters/datastore/sql/sql.go:93.2,94.16 2 19
purser/internal/adapters/datastore/sql/sql.go:94.16,96.3 1 0
purser/internal/adapters/datastore/sql/sql.go:97.2,98.18 2 19
purser/internal/adapters/datastore/sql/sql.go:98.18,100.39 2 0
purser/internal/adapters/datastore/sql/sql.go:100.39,103.4 2 0
purser/internal/adapters/datastore/sql/sql.go:104.3,104.20 1 0
purser/internal/adapters/datastore/sql/sql.go:106.2,107.35 2 19
purser/internal/adapters/datastore/sql/sql.go:107.35,109.3 1 0
purser/internal/adapters/datastore/sql/sql.go:111.2,112.16 2 19
purser/internal/adapters/datastore/sql/sql.go:112.16,114.3 1 0
purser/internal/adapters/datastore/sql/sql.go:116.2,117.28 2 19
purser/internal/adapters/datastore/sql/sql.go:117.28,118.56 1 38
purser/internal/adapters/datastore/sql/sql.go:118.56,120.4 1 38
purser/internal/adapters/datastore/sql/sql.go:122.2,124.26 2 19
purser/internal/adapters/datastore/sql/sql.go:124.26,125.17 1 38
purser/internal/adapters/datastore/sql/sql.go:125.17,126.12 1 0
purser/internal/adapters/datastore/sql/sql.go:128.3,129.17 2 38
purser/internal/adapters/datastore/sql/sql.go:129.17,131.4 1 0
purser/internal/adapters/datastore/sql/sql.go:132.3,132.70 1 38
purser/internal/adapters/datastore/sql/sql.go:132.70,134.4 1 0
purser/internal/adapters/datastore/sql/sql.go:137.2,137.12 1 19
purser/internal/adapters/datastore/sql/sql.go:140.78,142.16 2 38
purser/internal/adapters/datastore/sql/sql.go:142.16,144.3 1 0
purser/internal/adapters/datastore/sql/sql.go:146.2,146.40 1 38
purser/internal/adapters/datastore/sql/sql.go:146.40,149.3 2 0
purser/internal/adapters/datastore/sql/sql.go:151.2,152.92 2 38
purser/internal/adapters/datastore/sql/sql.go:152.92,155.3 2 0
purser/internal/adapters/datastore/sql/sql.go:157.2,157.36 1 38
purser/internal/adapters/datastore/sql/sql.go:157.36,159.3 1 0
purser/internal/adapters/datastore/sql/sql.go:160.2,160.12 1 38
purser/internal/adapters/datastore/sql/store.go:44.84,45.16 1 19
purser/internal/adapters/datastore/sql/store.go:45.16,47.3 1 0
purser/internal/adapters/datastore/sql/store.go:48.2,48.15 1 19
purser/internal/adapters/datastore/sql/store.go:48.15,50.3 1 0
purser/internal/adapters/datastore/sql/store.go:52.2,53.27 2 19
purser/internal/adapters/datastore/sql/store.go:53.27,55.3 1 0
purser/internal/adapters/datastore/sql/store.go:57.2,67.123 4 19
purser/internal/adapters/datastore/sql/store.go:67.123,69.3 1 0
purser/internal/adapters/datastore/sql/store.go:70.2,70.109 1 19
purser/internal/adapters/datastore/sql/store.go:70.109,72.3 1 0
purser/internal/adapters/datastore/sql/store.go:73.2,73.123 1 19
purser/internal/adapters/datastore/sql/store.go:73.123,75.3 1 0
purser/internal/adapters/datastore/sql/store.go:76.2,76.123 1 19
purser/internal/adapters/datastore/sql/store.go:76.123,78.3 1 0
purser/internal/adapters/datastore/sql/store.go:79.2,79.112 1 19
purser/internal/adapters/datastore/sql/store.go:79.112,81.3 1 0
purser/internal/adapters/datastore/sql/store.go:83.2,84.15 2 19
purser/internal/adapters/datastore/sql/store.go:88.75,97.16 4 29
purser/internal/adapters/datastore/sql/store.go:97.16,99.3 1 0
purser/internal/adapters/datastore/sql/store.go:101.2,101.49 1 29
purser/internal/adapters/datastore/sql/store.go:101.49,103.109 2 29
purser/internal/adapters/datastore/sql/store.go:103.109,104.34 1 1
purser/internal/adapters/datastore/sql/store.go:104.34,106.5 1 1
purser/internal/adapters/datastore/sql/store.go:107.4,107.14 1 0
purser/internal/adapters/datastore/sql/store.go:109.3,109.80 1 28
purser/internal/adapters/datastore/sql/store.go:111.2,111.16 1 29
purser/internal/adapters/datastore/sql/store.go:111.16,112.40 1 1
purser/internal/adapters/datastore/sql/store.go:112.40,114.4 1 1
purser/internal/adapters/datastore/sql/store.go:115.3,115.84 1 0
purser/internal/adapters/datastore/sql/store.go:118.2,120.12 3 28
purser/internal/adapters/datastore/sql/store.go:124.93,137.35 7 17
purser/internal/adapters/datastore/sql/store.go:137.35,140.3 2 6
purser/internal/adapters/datastore/sql/store.go:141.2,141.16 1 11
purser/internal/adapters/datastore/sql/store.go:141.16,143.3 1 0
purser/internal/adapters/datastore/sql/store.go:145.2,146.16 2 11
purser/internal/adapters/datastore/sql/store.go:146.16,148.3 1 0
purser/internal/adapters/datastore/sql/store.go:149.2,149.98 1 11
purser/internal/adapters/datastore/sql/store.go:153.75,162.16 4 3
purser/internal/adapters/datastore/sql/store.go:162.16,164.3 1 0
purser/internal/adapters/datastore/sql/store.go:166.2,166.49 1 3
purser/internal/adapters/datastore/sql/store.go:166.49,169.17 3 3
purser/internal/adapters/datastore/sql/store.go:169.17,171.4 1 0
purser/internal/adapters/datastore/sql/store.go:172.3,173.17 2 3
purser/internal/adapters/datastore/sql/store.go:173.17,175.4 1 0
purser/internal/adapters/datastore/sql/store.go:176.3,176.16 1 3
purser/internal/adapters/datastore/sql/store.go:176.16,178.4 1 1
purser/internal/adapters/datastore/sql/store.go:180.3,181.77 2 2
purser/internal/adapters/datastore/sql/store.go:181.77,183.4 1 0
purser/internal/adapters/datastore/sql/store.go:184.3,184.80 1 2
purser/internal/adapters/datastore/sql/store.go:186.2,186.16 1 3
purser/internal/adapters/datastore/sql/store.go:186.16,187.40 1 1
purser/internal/adapters/datastore/sql/store.go:187.40,189.4 1 1
purser/internal/adapters/datastore/sql/store.go:190.3,190.84 1 0
purser/internal/adapters/datastore/sql/store.go:193.2,195.12 3 2
purser/internal/adapters/datastore/sql/store.go:199.74,207.50 3 2
purser/internal/adapters/datastore/sql/store.go:207.50,210.17 3 2
purser/internal/adapters/datastore/sql/store.go:210.17,212.4 1 0
purser/internal/adapters/datastore/sql/store.go:213.3,214.17 2 2
purser/internal/adapters/datastore/sql/store.go:214.17,216.4 1 0
purser/internal/adapters/datastore/sql/store.go:217.3,217.16 1 2
purser/internal/adapters/datastore/sql/store.go:217.16,219.4 1 1
purser/internal/adapters/datastore/sql/store.go:221.3,223.13 3 1
purser/internal/adapters/datastore/sql/store.go:225.2,225.16 1 2
purser/internal/adapters/datastore/sql/store.go:225.16,226.40 1 1
purser/internal/adapters/datastore/sql/store.go:226.40,228.4 1 1
purser/internal/adapters/datastore/sql/store.go:229.3,229.76 1 0
purser/internal/adapters/datastore/sql/store.go:232.2,234.12 3 1
purser/internal/adapters/datastore/sql/store.go:242.158,249.19 3 8
purser/internal/adapters/datastore/sql/store.go:249.19,251.3 1 0
purser/internal/adapters/datastore/sql/store.go:256.2,258.22 3 8
purser/internal/adapters/datastore/sql/store.go:258.22,260.3 1 3
purser/internal/adapters/datastore/sql/store.go:260.8,262.3 1 5
purser/internal/adapters/datastore/sql/store.go:263.2,263.16 1 8
purser/internal/adapters/datastore/sql/store.go:263.16,265.3 1 0
purser/internal/adapters/datastore/sql/store.go:267.2,268.26 2 8
purser/internal/adapters/datastore/sql/store.go:268.26,271.3 2 2
purser/internal/adapters/datastore/sql/store.go:273.2,275.29 3 8
purser/internal/adapters/datastore/sql/store.go:279.83,286.50 3 2
purser/internal/adapters/datastore/sql/store.go:286.50,288.26 2 2
purser/internal/adapters/datastore/sql/store.go:288.26,290.18 2 5
purser/internal/adapters/datastore/sql/store.go:290.18,292.5 1 0
purser/internal/adapters/datastore/sql/store.go:293.4,293.104 1 5
purser/internal/adapters/datastore/sql/store.go:293.104,294.35 1 1
purser/internal/adapters/datastore/sql/store.go:294.35,296.6 1 1
purser/internal/adapters/datastore/sql/store.go:297.5,297.15 1 0
purser/internal/adapters/datastore/sql/store.go:299.4,299.91 1 4
purser/internal/adapters/datastore/sql/store.go:299.91,301.5 1 0
purser/internal/adapters/datastore/sql/store.go:303.3,303.13 1 1
purser/internal/adapters/datastore/sql/store.go:305.2,305.16 1 2
purser/internal/adapters/datastore/sql/store.go:305.16,306.40 1 1
purser/internal/adapters/datastore/sql/store.go:306.40,308.4 1 1
purser/internal/adapters/datastore/sql/store.go:309.3,309.60 1 0
purser/internal/adapters/datastore/sql/store.go:312.2,314.12 3 1
purser/internal/adapters/datastore/sql/store.go:318.89,326.50 3 2
purser/internal/adapters/datastore/sql/store.go:326.50,329.26 3 2
purser/internal/adapters/datastore/sql/store.go:329.26,331.18 2 4
purser/internal/adapters/datastore/sql/store.go:331.18,333.5 1 0
purser/internal/adapters/datastore/sql/store.go:334.4,335.18 2 4
purser/internal/adapters/datastore/sql/store.go:335.18,337.5 1 0
purser/internal/adapters/datastore/sql/store.go:338.4,338.17 1 4
purser/internal/adapters/datastore/sql/store.go:338.17,340.5 1 1
purser/internal/adapters/datastore/sql/store.go:341.4,341.73 1 3
purser/internal/adapters/datastore/sql/store.go:341.73,343.5 1 0
purser/internal/adapters/datastore/sql/store.go:345.3,345.13 1 1
purser/internal/adapters/datastore/sql/store.go:347.2,347.16 1 2
purser/internal/adapters/datastore/sql/store.go:347.16,348.40 1 1
purser/internal/adapters/datastore/sql/store.go:348.40,350.4 1 1
purser/internal/adapters/datastore/sql/store.go:351.3,351.75 1 0
purser/internal/adapters/datastore/sql/store.go:354.2,356.12 3 1
purser/internal/adapters/datastore/sql/store.go:360.83,367.50 3 2
purser/internal/adapters/datastore/sql/store.go:367.50,370.26 3 2
purser/internal/adapters/datastore/sql/store.go:370.26,372.18 2 4
purser/internal/adapters/datastore/sql/store.go:372.18,374.5 1 0
purser/internal/adapters/datastore/sql/store.go:375.4,376.18 2 4
purser/internal/adapters/datastore/sql/store.go:376.18,378.5 1 0
purser/internal/adapters/datastore/sql/store.go:379.4,380.18 2 4
purser/internal/adapters/datastore/sql/store.go:380.18,382.5 1 0
purser/internal/adapters/datastore/sql/store.go:383.4,383.17 1 4
purser/internal/adapters/datastore/sql/store.go:383.17,385.5 1 1
purser/internal/adapters/datastore/sql/store.go:386.4,386.77 1 3
purser/internal/adapters/datastore/sql/store.go:386.77,388.5 1 0
purser/internal/adapters/datastore/sql/store.go:389.4,389.91 1 3
purser/internal/adapters/datastore/sql/store.go:389.91,391.5 1 0
purser/internal/adapters/datastore/sql/store.go:393.3,393.13 1 1
purser/internal/adapters/datastore/sql/store.go:395.2,395.16 1 2
purser/internal/adapters/datastore/sql/store.go:395.16,396.40 1 1
purser/internal/adapters/datastore/sql/store.go:396.40,398.4 1 1
purser/internal/adapters/datastore/sql/store.go:399.3,399.60 1 0
purser/internal/adapters/datastore/sql/store.go:402.2,404.12 3 1
purser/internal/adapters/datastore/sql/store.go:407.124,410.16 3 3
purser/internal/adapters/datastore/sql/store.go:410.16,412.3 1 0
purser/internal/adapters/datastore/sql/store.go:413.2,413.15 1 3
purser/internal/adapters/datastore/sql/store.go:413.15,413.35 1 3
purser/internal/adapters/datastore/sql/store.go:415.2,416.18 2 3
purser/internal/adapters/datastore/sql/store.go:416.18,418.59 2 7
purser/internal/adapters/datastore/sql/store.go:418.59,420.4 1 0
purser/internal/adapters/datastore/sql/store.go:421.3,422.17 2 7
purser/internal/adapters/datastore/sql/store.go:422.17,424.4 1 0
purser/internal/adapters/datastore/sql/store.go:425.3,425.108 1 7
purser/internal/adapters/datastore/sql/store.go:427.2,427.25 1 3
purser/internal/adapters/datastore/sql/store.go:430.155,432.16 2 5
purser/internal/adapters/datastore/sql/store.go:432.16,434.3 1 0
purser/internal/adapters/datastore/sql/store.go:436.2,437.19 2 5
purser/internal/adapters/datastore/sql/store.go:437.19,439.3 1 2
purser/internal/adapters/datastore/sql/store.go:441.2,441.47 1 3
purser/internal/adapters/datastore/sql/store.go:447.124,449.33 2 5
purser/internal/adapters/datastore/sql/store.go:449.33,451.17 2 6
purser/internal/adapters/datastore/sql/store.go:451.17,453.4 1 0
purser/internal/adapters/datastore/sql/store.go:454.3,454.21 1 6
purser/internal/adapters/datastore/sql/store.go:454.21,456.12 2 5
purser/internal/adapters/datastore/sql/store.go:458.3,458.36 1 1
purser/internal/adapters/datastore/sql/store.go:460.2,460.21 1 5
purser/internal/adapters/datastore/sql/store.go:463.110,466.16 3 6
purser/internal/adapters/datastore/sql/store.go:466.16,468.3 1 0
purser/internal/adapters/datastore/sql/store.go:469.2,469.15 1 6
purser/internal/adapters/datastore/sql/store.go:469.15,469.35 1 6
purser/internal/adapters/datastore/sql/store.go:471.2,472.18 2 6
purser/internal/adapters/datastore/sql/store.go:472.18,474.40 2 8
purser/internal/adapters/datastore/sql/store.go:474.40,476.4 1 0
purser/internal/adapters/datastore/sql/store.go:477.3,477.23 1 8
purser/internal/adapters/datastore/sql/store.go:479.2,479.24 1 6
purser/internal/adapters/datastore/sql/store.go:484.85,486.26 2 5
purser/internal/adapters/datastore/sql/store.go:486.26,487.21 1 5
purser/internal/adapters/datastore/sql/store.go:487.21,489.4 1 5
purser/internal/adapters/datastore/sql/store.go:491.2,492.22 2 5
purser/internal/adapters/datastore/sql/store.go:492.22,494.3 1 0
purser/internal/adapters/datastore/sql/store.go:495.2,495.12 1 5
purser/internal/adapters/datastore/sql/store.go:500.116,504.25 4 3
purser/internal/adapters/datastore/sql/store.go:504.25,507.3 2 5
purser/internal/adapters/datastore/sql/store.go:508.2,510.16 3 3
purser/internal/adapters/datastore/sql/store.go:510.16,512.3 1 0
purser/internal/adapters/datastore/sql/store.go:513.2,513.15 1 3
purser/internal/adapters/datastore/sql/store.go:513.15,513.35 1 3
purser/internal/adapters/datastore/sql/store.go:515.2,516.18 2 3
purser/internal/adapters/datastore/sql/store.go:516.18,518.59 2 5
purser/internal/adapters/datastore/sql/store.go:518.59,520.4 1 0
purser/internal/adapters/datastore/sql/store.go:521.3,522.17 2 5
purser/internal/adapters/datastore/sql/store.go:522.17,524.4 1 0
purser/internal/adapters/datastore/sql/store.go:525.3,525.98 1 5
purser/internal/adapters/datastore/sql/store.go:527.2,527.35 1 3
purser/internal/adapters/datastore/sql/store.go:527.35,529.3 1 0
purser/internal/adapters/datastore/sql/store.go:531.2,532.25 2 3
purser/internal/adapters/datastore/sql/store.go:532.25,534.3 1 5
purser/internal/adapters/datastore/sql/store.go:535.2,535.18 1 3
purser/internal/adapters/datastore/sql/store.go:538.79,540.16 2 40
purser/internal/adapters/datastore/sql/store.go:540.16,542.3 1 0
purser/internal/adapters/datastore/sql/store.go:543.2,543.31 1 40
purser/internal/adapters/datastore/sql/store.go:543.31,546.3 2 6
purser/internal/adapters/datastore/sql/store.go:547.2,547.20 1 34
purser/internal/adapters/datastore/sql/store.go:550.126,551.21 1 37
purser/internal/adapters/datastore/sql/store.go:551.21,553.3 1 28
purser/internal/adapters/datastore/sql/store.go:554.2,555.32 2 9
purser/internal/adapters/datastore/sql/store.go:555.32,556.84 1 12
purser/internal/adapters/datastore/sql/store.go:556.84,558.4 1 0
purser/internal/adapters/datastore/sql/store.go:560.2,560.12 1 9
purser/internal/adapters/datastore/sql/store.go:563.60,564.21 1 41
purser/internal/adapters/datastore/sql/store.go:564.21,566.3 1 32
purser/internal/adapters/datastore/sql/store.go:567.2,568.16 2 9
purser/internal/adapters/datastore/sql/store.go:568.16,570.3 1 0
purser/internal/adapters/datastore/sql/store.go:571.2,571.23 1 9
purser/internal/adapters/datastore/sql/store.go:574.66,575.42 1 23
purser/internal/adapters/datastore/sql/store.go:575.42,577.3 1 18
purser/internal/adapters/datastore/sql/store.go:578.2,579.66 2 5
purser/internal/adapters/datastore/sql/store.go:579.66,581.3 1 0
purser/internal/adapters/datastore/sql/store.go:582.2,582.19 1 5
purser/internal/adapters/datastore/sql/store.go:585.62,587.20 2 1
purser/internal/adapters/datastore/sql/store.go:587.20,588.25 1 3
purser/internal/adapters/datastore/sql/store.go:588.25,590.4 1 2
purser/internal/adapters/datastore/sql/store.go:592.2,592.12 1 1
purser/internal/adapters/datastore/sql/store.go:604.32,610.2 1 19
purser/internal/adapters/datastore/sql/store.go:613.40,613.66 1 0
purser/internal/adapters/datastore/sql/store.go:613.66,613.82 1 0
purser/internal/adapters/datastore/sql/store.go:616.57,617.26 1 0
purser/internal/adapters/datastore/sql/store.go:617.26,617.51 1 0
purser/internal/adapters/datastore/sql/store.go:621.56,622.26 1 0
purser/internal/adapters/datastore/sql/store.go:622.26,622.50 1 0
purser/cmd/purser/jobs.go:13.34,24.52 2 1
purser/cmd/purser/jobs.go:24.52,35.4 8 0
purser/cmd/purser/jobs.go:37.2,38.12 2 1
purser/cmd/purser/jobs_format.go:19.52,20.16 1 51
purser/cmd/purser/jobs_format.go:21.42,22.31 1 1
purser/cmd/purser/jobs_format.go:23.42,24.38 1 7
purser/cmd/purser/jobs_format.go:25.44,26.39 1 4
purser/cmd/purser/jobs_format.go:27.41,28.34 1 1
purser/cmd/purser/jobs_format.go:29.42,30.33 1 1
purser/cmd/purser/jobs_format.go:31.10,32.31 1 37
purser/cmd/purser/jobs_format.go:37.46,39.2 1 46
purser/cmd/purser/jobs_format.go:44.66,45.18 1 5
purser/cmd/purser/jobs_format.go:45.18,47.3 1 3
purser/cmd/purser/jobs_format.go:48.2,49.19 2 2
purser/cmd/purser/jobs_format.go:49.19,51.3 1 1
purser/cmd/purser/jobs_format.go:52.2,52.60 1 2
purser/cmd/purser/jobs_format.go:83.64,85.13 2 14
purser/cmd/purser/jobs_format.go:85.13,87.3 1 7
purser/cmd/purser/jobs_format.go:88.2,92.17 1 14
purser/cmd/purser/jobs_format.go:97.84,101.2 3 14
purser/cmd/purser/jobs_format.go:104.54,106.20 2 9
purser/cmd/purser/jobs_format.go:106.20,108.3 1 2
purser/cmd/purser/jobs_format.go:109.2,109.13 1 7
purser/cmd/purser/jobs_format.go:113.72,115.15 2 11
purser/cmd/purser/jobs_format.go:116.18,117.81 1 4
purser/cmd/purser/jobs_format.go:118.10,119.75 1 7
purser/cmd/purser/jobs_format.go:121.2,121.9 1 11
purser/cmd/purser/jobs_format.go:122.24,123.114 1 2
purser/cmd/purser/jobs_format.go:124.18,125.90 1 3
purser/cmd/purser/jobs_format.go:126.10,127.38 1 6
purser/cmd/purser/jobs_format.go:134.44,135.14 1 32
purser/cmd/purser/jobs_format.go:135.14,137.3 1 15
purser/cmd/purser/jobs_format.go:138.2,138.13 1 17
purser/cmd/purser/jobs_format.go:142.57,144.14 2 23
purser/cmd/purser/jobs_format.go:144.14,146.3 1 10
purser/cmd/purser/jobs_format.go:147.2,147.12 1 13
purser/cmd/purser/jobs_format.go:151.38,153.2 1 11
purser/cmd/purser/jobs_format.go:156.60,158.14 2 9
purser/cmd/purser/jobs_format.go:158.14,160.3 1 5
purser/cmd/purser/jobs_format.go:161.2,161.12 1 4
purser/cmd/purser/jobs_format.go:165.45,167.2 1 2
purser/cmd/purser/jobs_format.go:173.69,174.21 1 4
purser/cmd/purser/jobs_format.go:174.21,176.3 1 1
purser/cmd/purser/jobs_format.go:177.2,179.26 3 3
purser/cmd/purser/jobs_format.go:179.26,181.3 1 0
purser/cmd/purser/jobs_format.go:182.2,182.31 1 3
purser/cmd/purser/jobs_format.go:182.31,184.3 1 0
purser/cmd/purser/jobs_format.go:185.2,186.31 2 3
purser/cmd/purser/jobs_format.go:192.40,194.11 2 6
purser/cmd/purser/jobs_format.go:194.11,196.3 1 1
purser/cmd/purser/jobs_format.go:197.2,197.10 1 5
purser/cmd/purser/jobs_model.go:82.88,90.2 1 17
purser/cmd/purser/jobs_model.go:92.35,94.2 1 1
purser/cmd/purser/jobs_model.go:123.86,124.24 1 5
purser/cmd/purser/jobs_model.go:124.24,126.17 2 2
purser/cmd/purser/jobs_model.go:126.17,128.4 1 1
purser/cmd/purser/jobs_model.go:129.3,129.49 1 1
purser/cmd/purser/jobs_model.go:133.24,134.63 1 2
purser/cmd/purser/jobs_model.go:134.63,134.83 1 0
purser/cmd/purser/jobs_model.go:137.109,138.24 1 8
purser/cmd/purser/jobs_model.go:138.24,140.17 2 2
purser/cmd/purser/jobs_model.go:140.17,142.4 1 0
purser/cmd/purser/jobs_model.go:143.3,143.51 1 2
purser/cmd/purser/jobs_model.go:152.65,153.24 1 7
purser/cmd/purser/jobs_model.go:153.24,154.23 1 5
purser/cmd/purser/jobs_model.go:154.23,156.4 1 2
purser/cmd/purser/jobs_model.go:157.3,157.38 1 3
purser/cmd/purser/jobs_model.go:157.38,159.4 1 2
purser/cmd/purser/jobs_model.go:160.3,160.35 1 1
purser/cmd/purser/jobs_model.go:164.61,165.27 1 26
purser/cmd/purser/jobs_model.go:166.25,171.16 5 1
purser/cmd/purser/jobs_model.go:172.18,173.26 1 14
purser/cmd/purser/jobs_model.go:174.21,175.33 1 3
purser/cmd/purser/jobs_model.go:176.15,177.64 1 1
purser/cmd/purser/jobs_model.go:178.23,179.29 1 3
purser/cmd/purser/jobs_model.go:179.29,181.4 1 1
purser/cmd/purser/jobs_model.go:182.3,184.21 3 2
purser/cmd/purser/jobs_model.go:184.21,186.4 1 1
purser/cmd/purser/jobs_model.go:187.3,187.54 1 1
purser/cmd/purser/jobs_model.go:188.19,189.29 1 2
purser/cmd/purser/jobs_model.go:189.29,191.4 1 1
purser/cmd/purser/jobs_model.go:192.3,192.44 1 1
purser/cmd/purser/jobs_model.go:192.44,196.4 3 1
purser/cmd/purser/jobs_model.go:197.3,197.54 1 1
purser/cmd/purser/jobs_model.go:198.20,199.29 1 1
purser/cmd/purser/jobs_model.go:199.29,201.4 1 1
purser/cmd/purser/jobs_model.go:202.3,203.16 2 0
purser/cmd/purser/jobs_model.go:204.23,205.29 1 1
purser/cmd/purser/jobs_model.go:205.29,207.4 1 1
purser/cmd/purser/jobs_model.go:208.3,209.16 2 0
purser/cmd/purser/jobs_model.go:211.2,211.15 1 0
purser/cmd/purser/jobs_model.go:214.67,215.22 1 14
purser/cmd/purser/jobs_model.go:216.21,217.22 1 2
purser/cmd/purser/jobs_model.go:217.22,219.4 1 2
purser/cmd/purser/jobs_model.go:220.3,220.21 1 2
purser/cmd/purser/jobs_model.go:221.13,222.26 1 2
purser/cmd/purser/jobs_model.go:222.26,224.4 1 1
purser/cmd/purser/jobs_model.go:224.9,226.4 1 1
purser/cmd/purser/jobs_model.go:227.3,227.16 1 2
purser/cmd/purser/jobs_model.go:230.2,230.17 1 10
purser/cmd/purser/jobs_model.go:231.18,232.32 1 3
purser/cmd/purser/jobs_model.go:233.10,234.30 1 7
purser/cmd/purser/jobs_model.go:238.71,239.22 1 7
purser/cmd/purser/jobs_model.go:240.17,241.19 1 2
purser/cmd/purser/jobs_model.go:241.19,243.4 1 1
purser/cmd/purser/jobs_model.go:244.19,245.31 1 4
purser/cmd/purser/jobs_model.go:245.31,247.4 1 3
purser/cmd/purser/jobs_model.go:248.11,249.42 1 1
purser/cmd/purser/jobs_model.go:250.10,253.16 3 0
purser/cmd/purser/jobs_model.go:255.2,256.26 2 6
purser/cmd/purser/jobs_model.go:259.73,260.22 1 3
purser/cmd/purser/jobs_model.go:261.17,262.23 1 1
purser/cmd/purser/jobs_model.go:262.23,264.4 1 1
purser/cmd/purser/jobs_model.go:265.3,266.16 2 1
purser/cmd/purser/jobs_model.go:267.19,268.71 1 2
purser/cmd/purser/jobs_model.go:268.71,270.4 1 1
purser/cmd/purser/jobs_model.go:271.3,272.16 2 2
purser/cmd/purser/jobs_model.go:273.10,276.16 3 0
purser/cmd/purser/jobs_model.go:280.77,282.20 2 3
purser/cmd/purser/jobs_model.go:282.20,284.3 1 1
purser/cmd/purser/jobs_model.go:285.2,286.77 2 2
purser/cmd/purser/jobs_model.go:286.77,288.3 1 1
purser/cmd/purser/jobs_model.go:288.8,290.3 1 1
purser/cmd/purser/jobs_model.go:291.2,292.26 2 2
purser/cmd/purser/jobs_model.go:297.57,298.22 1 8
purser/cmd/purser/jobs_model.go:298.22,300.3 1 0
purser/cmd/purser/jobs_model.go:301.2,302.33 2 8
purser/cmd/purser/jobs_model.go:302.33,304.3 1 2
purser/cmd/purser/jobs_model.go:305.2,305.25 1 6
purser/cmd/purser/jobs_model.go:311.67,312.21 1 6
purser/cmd/purser/jobs_model.go:312.21,314.3 1 1
purser/cmd/purser/jobs_model.go:315.2,323.67 9 6
purser/cmd/purser/jobs_model.go:326.51,327.25 1 5
purser/cmd/purser/jobs_model.go:327.25,328.22 1 8
purser/cmd/purser/jobs_model.go:328.22,330.4 1 2
purser/cmd/purser/jobs_model.go:332.2,332.11 1 3
purser/cmd/purser/jobs_model.go:335.42,336.9 1 10
purser/cmd/purser/jobs_model.go:337.19,338.11 1 2
purser/cmd/purser/jobs_model.go:339.24,340.20 1 1
purser/cmd/purser/jobs_model.go:341.18,342.11 1 1
purser/cmd/purser/jobs_model.go:343.10,344.16 1 6
purser/cmd/purser/jobs_model.go:352.33,354.11 2 2
purser/cmd/purser/jobs_model.go:354.11,356.3 1 0
purser/cmd/purser/jobs_model.go:357.2,366.33 8 2
purser/cmd/purser/jobs_model.go:371.49,374.22 3 11
purser/cmd/purser/jobs_model.go:374.22,376.3 1 2
purser/cmd/purser/jobs_model.go:377.2,377.29 1 11
purser/cmd/purser/jobs_model.go:377.29,379.3 1 21
purser/cmd/purser/jobs_model.go:380.2,381.47 2 11
purser/cmd/purser/jobs_model.go:387.51,388.23 1 13
purser/cmd/purser/jobs_model.go:388.23,391.3 2 2
purser/cmd/purser/jobs_model.go:392.2,400.21 5 11
purser/cmd/purser/jobs_model.go:400.21,402.3 1 7
purser/cmd/purser/jobs_model.go:402.8,404.30 2 4
purser/cmd/purser/jobs_model.go:404.30,405.25 1 7
purser/cmd/purser/jobs_model.go:405.25,407.5 1 4
purser/cmd/purser/jobs_model.go:408.4,408.63 1 7
purser/cmd/purser/jobs_model.go:410.3,413.48 4 4
purser/cmd/purser/jobs_model.go:413.48,415.4 1 1
purser/cmd/purser/jobs_model.go:417.2,418.24 2 11
purser/cmd/purser/jobs_model.go:418.24,420.3 1 4
purser/cmd/purser/jobs_model.go:424.52,425.20 1 18
purser/cmd/purser/jobs_model.go:425.20,427.3 1 11
purser/cmd/purser/jobs_model.go:428.2,428.9 1 7
[...]
purser/internal/ports/unmatchedfiletest/contract.go:39.2,39.86 1 0
purser/internal/ports/unmatchedfiletest/contract.go:39.86,39.120 1 0
purser/internal/ports/unmatchedfiletest/contract.go:40.2,40.69 1 0
purser/internal/ports/unmatchedfiletest/contract.go:40.69,40.121 1 0
purser/internal/ports/unmatchedfiletest/contract.go:41.2,41.94 1 0
purser/internal/ports/unmatchedfiletest/contract.go:41.94,41.135 1 0
purser/internal/ports/unmatchedfiletest/contract.go:42.2,42.77 1 0
purser/internal/ports/unmatchedfiletest/contract.go:42.77,42.108 1 0
purser/internal/ports/unmatchedfiletest/contract.go:43.2,43.77 1 0
purser/internal/ports/unmatchedfiletest/contract.go:43.77,43.115 1 0
purser/internal/ports/unmatchedfiletest/contract.go:44.2,44.92 1 0
purser/internal/ports/unmatchedfiletest/contract.go:44.92,44.133 1 0
purser/internal/ports/unmatchedfiletest/contract.go:47.89,49.58 2 0
purser/internal/ports/unmatchedfiletest/contract.go:49.58,51.3 1 0
purser/internal/ports/unmatchedfiletest/contract.go:54.70,57.40 3 0
purser/internal/ports/unmatchedfiletest/contract.go:57.40,59.3 1 0
purser/internal/ports/unmatchedfiletest/contract.go:62.65,68.16 5 0
purser/internal/ports/unmatchedfiletest/contract.go:68.16,70.3 1 0
purser/internal/ports/unmatchedfiletest/contract.go:71.2,71.24 1 0
purser/internal/ports/unmatchedfiletest/contract.go:71.24,73.3 1 0
purser/internal/ports/unmatchedfiletest/contract.go:74.2,74.28 1 0
purser/internal/ports/unmatchedfiletest/contract.go:74.28,76.3 1 0
purser/internal/ports/unmatchedfiletest/contract.go:77.2,77.28 1 0
purser/internal/ports/unmatchedfiletest/contract.go:77.28,79.3 1 0
purser/internal/ports/unmatchedfiletest/contract.go:82.67,87.40 4 0
purser/internal/ports/unmatchedfiletest/contract.go:87.40,89.3 1 0
purser/internal/ports/unmatchedfiletest/contract.go:92.64,95.23 3 0
purser/internal/ports/unmatchedfiletest/contract.go:95.23,97.3 1 0
purser/internal/ports/unmatchedfiletest/contract.go:99.2,100.16 2 0
purser/internal/ports/unmatchedfiletest/contract.go:100.16,102.3 1 0
purser/internal/ports/unmatchedfiletest/contract.go:103.2,103.16 1 0
purser/internal/ports/unmatchedfiletest/contract.go:103.16,105.3 1 0
purser/internal/ports/unmatchedfiletest/contract.go:106.2,106.27 1 0
purser/internal/ports/unmatchedfiletest/contract.go:106.27,108.3 1 0
purser/internal/ports/unmatchedfiletest/contract.go:109.2,109.24 1 0
purser/internal/ports/unmatchedfiletest/contract.go:109.24,111.3 1 0
purser/internal/ports/unmatchedfiletest/contract.go:112.2,112.30 1 0
purser/internal/ports/unmatchedfiletest/contract.go:112.30,113.13 1 0
purser/internal/ports/unmatchedfiletest/contract.go:113.13,115.4 1 0
purser/internal/ports/unmatchedfiletest/contract.go:119.68,126.16 6 0
purser/internal/ports/unmatchedfiletest/contract.go:126.16,128.3 1 0
purser/internal/ports/unmatchedfiletest/contract.go:129.2,129.48 1 0
purser/internal/ports/unmatchedfiletest/contract.go:129.48,131.3 1 0
purser/internal/ports/unmatchedfiletest/contract.go:134.66,137.23 3 0
purser/internal/ports/unmatchedfiletest/contract.go:137.23,139.3 1 0
purser/internal/ports/unmatchedfiletest/contract.go:141.2,143.22 3 0
purser/internal/ports/unmatchedfiletest/contract.go:143.22,145.17 2 0
purser/internal/ports/unmatchedfiletest/contract.go:145.17,147.4 1 0
purser/internal/ports/unmatchedfiletest/contract.go:148.3,149.17 2 0
purser/internal/ports/unmatchedfiletest/contract.go:149.17,150.9 1 0
purser/internal/ports/unmatchedfiletest/contract.go:152.3,152.15 1 0
purser/internal/ports/unmatchedfiletest/contract.go:154.2,154.27 1 0
purser/internal/ports/unmatchedfiletest/contract.go:154.27,156.3 1 0
purser/internal/ports/unmatchedfiletest/contract.go:157.2,157.24 1 0
purser/internal/ports/unmatchedfiletest/contract.go:157.24,158.17 1 0
purser/internal/ports/unmatchedfiletest/contract.go:158.17,160.4 1 0
purser/internal/ports/unmatchedfiletest/contract.go:161.3,161.20 1 0
purser/internal/ports/unmatchedfiletest/contract.go:163.2,163.30 1 0
purser/internal/ports/unmatchedfiletest/contract.go:163.30,164.13 1 0
purser/internal/ports/unmatchedfiletest/contract.go:164.13,166.4 1 0
purser/internal/ports/unmatchedfiletest/contract.go:170.59,172.2 1 0
purser/internal/ports/unmatchedfiletest/contract.go:174.104,186.2 2 0
purser/internal/ports/unmatchedfiletest/contract.go:188.58,194.58 5 0
purser/internal/ports/unmatchedfiletest/contract.go:194.58,196.3 1 0
purser/internal/ports/unmatchedfiletest/contract.go:198.2,199.16 2 0
purser/internal/ports/unmatchedfiletest/contract.go:199.16,201.3 1 0
purser/internal/ports/unmatchedfiletest/contract.go:202.2,202.46 1 0
purser/internal/ports/unmatchedfiletest/contract.go:202.46,204.3 1 0
purser/internal/ports/unmatchedfiletest/contract.go:207.65,210.40 3 0
purser/internal/ports/unmatchedfiletest/contract.go:210.40,212.3 1 0
purser/internal/ports/unmatchedfiletest/contract.go:215.58,219.62 3 0
purser/internal/ports/unmatchedfiletest/contract.go:219.62,221.3 1 0
purser/internal/ports/unmatchedfiletest/contract.go:222.2,222.86 1 0
purser/internal/ports/unmatchedfiletest/contract.go:222.86,224.3 1 0
purser/internal/ports/unmatchedfiletest/contract.go:227.65,230.40 3 0
purser/internal/ports/unmatchedfiletest/contract.go:230.40,232.3 1 0
purser/internal/ports/unmatchedfiletest/contract.go:235.67,241.16 5 0
purser/internal/ports/unmatchedfiletest/contract.go:241.16,243.3 1 0
purser/internal/ports/unmatchedfiletest/contract.go:244.2,244.21 1 0
purser/internal/ports/unmatchedfiletest/contract.go:244.21,246.3 1 0
purser/internal/ports/unmatchedfiletest/contract.go:249.65,255.16 5 0
purser/internal/ports/unmatchedfiletest/contract.go:255.16,257.3 1 0
purser/internal/ports/unmatchedfiletest/contract.go:258.2,258.21 1 0
purser/internal/ports/unmatchedfiletest/contract.go:258.21,260.3 1 0
purser/internal/ports/unmatchedfiletest/contract.go:263.68,268.40 4 0
purser/internal/ports/unmatchedfiletest/contract.go:268.40,270.3 1 0
purser/internal/ports/unmatchedfiletest/contract.go:273.71,279.40 4 0
purser/internal/ports/unmatchedfiletest/contract.go:279.40,281.3 1 0
purser/internal/ports/unmatchedfiletest/contract.go:289.77,295.16 5 0
purser/internal/ports/unmatchedfiletest/contract.go:295.16,297.3 1 0
purser/internal/ports/unmatchedfiletest/contract.go:298.2,298.74 1 0
purser/internal/ports/unmatchedfiletest/contract.go:298.74,300.3 1 0
purser/internal/ports/unmatchedfiletest/contract.go:306.76,310.2 3 0
purser/internal/ports/unmatchedfiletest/contract.go:312.66,319.16 6 0
purser/internal/ports/unmatchedfiletest/contract.go:319.16,321.3 1 0
purser/internal/ports/unmatchedfiletest/contract.go:322.2,323.27 2 0
purser/internal/ports/unmatchedfiletest/contract.go:323.27,325.3 1 0
purser/internal/ports/unmatchedfiletest/contract.go:326.2,326.24 1 0
purser/internal/ports/unmatchedfiletest/contract.go:326.24,328.3 1 0
purser/internal/ports/unmatchedfiletest/contract.go:329.2,329.30 1 0
purser/internal/ports/unmatchedfiletest/contract.go:329.30,330.13 1 0
purser/internal/ports/unmatchedfiletest/contract.go:330.13,332.4 1 0
purser/internal/ports/unmatchedfiletest/contract.go:336.84,342.16 5 0
purser/internal/ports/unmatchedfiletest/contract.go:342.16,344.3 1 0
purser/internal/ports/unmatchedfiletest/contract.go:345.2,345.41 1 0
purser/internal/ports/unmatchedfiletest/contract.go:345.41,347.3 1 0
purser/internal/ports/unmatchedfiletest/contract.go:350.73,355.16 4 0
purser/internal/ports/unmatchedfiletest/contract.go:355.16,357.3 1 0
purser/internal/ports/unmatchedfiletest/contract.go:358.2,358.19 1 0
purser/internal/ports/unmatchedfiletest/contract.go:358.19,360.3 1 0
purser/internal/ports/unmatchedfiletest/contract.go:363.63,372.93 8 0
purser/internal/ports/unmatchedfiletest/contract.go:372.93,374.3 1 0
purser/internal/ports/unmatchedfiletest/contract.go:376.2,376.44 1 0
purser/internal/ports/unmatchedfiletest/contract.go:376.44,378.17 2 0
purser/internal/ports/unmatchedfiletest/contract.go:378.17,380.4 1 0
purser/internal/ports/unmatchedfiletest/contract.go:381.3,381.56 1 0
purser/internal/ports/unmatchedfiletest/contract.go:381.56,383.4 1 0
purser/internal/ports/unmatchedfiletest/contract.go:390.70,398.40 7 0
purser/internal/ports/unmatchedfiletest/contract.go:398.40,400.3 1 0
purser/internal/ports/unmatchedfiletest/contract.go:402.2,403.19 2 0
purser/internal/ports/unmatchedfiletest/contract.go:403.19,405.3 1 0
purser/internal/ports/unmatchedfiletest/contract.go:406.2,406.55 1 0
purser/internal/ports/unmatchedfiletest/contract.go:406.55,408.3 1 0
purser/internal/ports/unmatchedfiletest/contract.go:414.73,422.16 7 0
purser/internal/ports/unmatchedfiletest/contract.go:422.16,424.3 1 0
purser/internal/ports/unmatchedfiletest/contract.go:425.2,425.29 1 0
purser/internal/ports/unmatchedfiletest/contract.go:425.29,427.3 1 0
purser/internal/ports/unmatchedfiletest/contract.go:428.2,428.25 1 0
purser/internal/ports/unmatchedfiletest/contract.go:428.25,430.3 1 0
purser/pkg/cache/cache.go:62.29,68.2 1 0
purser/pkg/cache/cachetest/cachetest.go:25.53,28.56 2 0
purser/pkg/cache/cachetest/cachetest.go:28.56,28.93 1 0
purser/pkg/cache/cachetest/cachetest.go:29.2,29.65 1 0
purser/pkg/cache/cachetest/cachetest.go:29.65,29.96 1 0
purser/pkg/cache/cachetest/cachetest.go:30.2,30.61 1 0
purser/pkg/cache/cachetest/cachetest.go:30.61,30.95 1 0
purser/pkg/cache/cachetest/cachetest.go:31.2,31.51 1 0
purser/pkg/cache/cachetest/cachetest.go:31.51,31.88 1 0
purser/pkg/cache/cachetest/cachetest.go:32.2,32.67 1 0
purser/pkg/cache/cachetest/cachetest.go:32.67,32.103 1 0
purser/pkg/cache/cachetest/cachetest.go:33.2,33.65 1 0
purser/pkg/cache/cachetest/cachetest.go:33.65,33.104 1 0
purser/pkg/cache/cachetest/cachetest.go:34.2,34.84 1 0
purser/pkg/cache/cachetest/cachetest.go:34.84,34.121 1 0
purser/pkg/cache/cachetest/cachetest.go:35.2,35.62 1 0
purser/pkg/cache/cachetest/cachetest.go:35.62,35.99 1 0
purser/pkg/cache/cachetest/cachetest.go:36.2,36.67 1 0
purser/pkg/cache/cachetest/cachetest.go:36.67,36.105 1 0
purser/pkg/cache/cachetest/cachetest.go:39.46,41.34 2 0
purser/pkg/cache/cachetest/cachetest.go:41.34,43.3 1 0
purser/pkg/cache/cachetest/cachetest.go:46.64,51.16 4 0
purser/pkg/cache/cachetest/cachetest.go:51.16,53.3 1 0
purser/pkg/cache/cachetest/cachetest.go:54.2,54.8 1 0
purser/pkg/cache/cachetest/cachetest.go:54.8,56.3 1 0
purser/pkg/cache/cachetest/cachetest.go:59.58,64.59 4 0
purser/pkg/cache/cachetest/cachetest.go:64.59,66.3 1 0
purser/pkg/cache/cachetest/cachetest.go:68.2,69.16 2 0
purser/pkg/cache/cachetest/cachetest.go:69.16,71.3 1 0
purser/pkg/cache/cachetest/cachetest.go:72.2,72.9 1 0
purser/pkg/cache/cachetest/cachetest.go:72.9,74.3 1 0
purser/pkg/cache/cachetest/cachetest.go:75.2,75.28 1 0
purser/pkg/cache/cachetest/cachetest.go:75.28,77.3 1 0
purser/pkg/cache/cachetest/cachetest.go:80.61,85.59 4 0
purser/pkg/cache/cachetest/cachetest.go:85.59,87.3 1 0
purser/pkg/cache/cachetest/cachetest.go:88.2,88.60 1 0
purser/pkg/cache/cachetest/cachetest.go:88.60,90.3 1 0
purser/pkg/cache/cachetest/cachetest.go:92.2,93.16 2 0
purser/pkg/cache/cachetest/cachetest.go:93.16,95.3 1 0
purser/pkg/cache/cachetest/cachetest.go:96.2,96.9 1 0
purser/pkg/cache/cachetest/cachetest.go:96.9,98.3 1 0
purser/pkg/cache/cachetest/cachetest.go:99.2,99.29 1 0
purser/pkg/cache/cachetest/cachetest.go:99.29,101.3 1 0
purser/pkg/cache/cachetest/cachetest.go:103.2,104.16 2 0
purser/pkg/cache/cachetest/cachetest.go:104.16,106.3 1 0
purser/pkg/cache/cachetest/cachetest.go:107.2,107.12 1 0
purser/pkg/cache/cachetest/cachetest.go:107.12,109.3 1 0
purser/pkg/cache/cachetest/cachetest.go:112.64,117.59 4 0
purser/pkg/cache/cachetest/cachetest.go:117.59,119.3 1 0
purser/pkg/cache/cachetest/cachetest.go:120.2,120.45 1 0
purser/pkg/cache/cachetest/cachetest.go:120.45,122.3 1 0
purser/pkg/cache/cachetest/cachetest.go:124.2,125.16 2 0
purser/pkg/cache/cachetest/cachetest.go:125.16,127.3 1 0
purser/pkg/cache/cachetest/cachetest.go:128.2,128.8 1 0
purser/pkg/cache/cachetest/cachetest.go:128.8,130.3 1 0
purser/pkg/cache/cachetest/cachetest.go:133.63,137.66 3 0
purser/pkg/cache/cachetest/cachetest.go:137.66,139.3 1 0
purser/pkg/cache/cachetest/cachetest.go:142.66,147.44 4 0
purser/pkg/cache/cachetest/cachetest.go:147.44,148.50 1 0
purser/pkg/cache/cachetest/cachetest.go:148.50,150.4 1 0
purser/pkg/cache/cachetest/cachetest.go:153.2,154.16 2 0
purser/pkg/cache/cachetest/cachetest.go:154.16,156.3 1 0
purser/pkg/cache/cachetest/cachetest.go:157.2,157.12 1 0
purser/pkg/cache/cachetest/cachetest.go:157.12,159.3 1 0
purser/pkg/cache/cachetest/cachetest.go:162.64,174.16 10 0
purser/pkg/cache/cachetest/cachetest.go:174.16,176.3 1 0
purser/pkg/cache/cachetest/cachetest.go:177.2,177.8 1 0
purser/pkg/cache/cachetest/cachetest.go:177.8,179.3 1 0
purser/pkg/cache/cachetest/cachetest.go:181.2,181.39 1 0
purser/pkg/cache/cachetest/cachetest.go:181.39,183.17 2 0
purser/pkg/cache/cachetest/cachetest.go:183.17,185.4 1 0
purser/pkg/cache/cachetest/cachetest.go:186.3,186.10 1 0
purser/pkg/cache/cachetest/cachetest.go:186.10,188.4 1 0
purser/pkg/cache/cachetest/cachetest.go:192.64,199.59 6 0
purser/pkg/cache/cachetest/cachetest.go:199.59,201.3 1 0
purser/pkg/cache/cachetest/cachetest.go:203.2,206.16 3 0
purser/pkg/cache/cachetest/cachetest.go:206.16,208.3 1 0
purser/pkg/cache/cachetest/cachetest.go:209.2,209.8 1 0
purser/pkg/cache/cachetest/cachetest.go:209.8,211.3 1 0
purser/pkg/cache/cachetest/cachetest.go:214.65,216.34 2 0
purser/pkg/cache/cachetest/cachetest.go:216.34,218.3 1 0
purser/pkg/cache/cachetest/cachetest.go:220.2,221.70 2 0
purser/pkg/cache/cachetest/cachetest.go:221.70,223.3 1 0
purser/pkg/cache/cachetest/cachetest.go:224.2,224.77 1 0
purser/pkg/cache/cachetest/cachetest.go:224.77,226.3 1 0
purser/pkg/cache/cachetest/cachetest.go:227.2,227.67 1 0
purser/pkg/cache/cachetest/cachetest.go:227.67,229.3 1 0
purser/pkg/cache/cachetest/cachetest.go:230.2,230.60 1 0
purser/pkg/cache/cachetest/cachetest.go:230.60,232.3 1 0
purser/pkg/cache/cachetest/cachetest.go:235.83,237.55 2 0
purser/pkg/cache/cachetest/cachetest.go:237.55,239.3 1 0
purser/pkg/jobqueue/jobqueuetest/contract.go:25.53,28.56 2 0
purser/pkg/jobqueue/jobqueuetest/contract.go:28.56,28.93 1 0
purser/pkg/jobqueue/jobqueuetest/contract.go:29.2,29.66 1 0
purser/pkg/jobqueue/jobqueuetest/contract.go:29.66,29.100 1 0
purser/pkg/jobqueue/jobqueuetest/contract.go:30.2,30.73 1 0
purser/pkg/jobqueue/jobqueuetest/contract.go:30.73,30.108 1 0
purser/pkg/jobqueue/jobqueuetest/contract.go:31.2,31.77 1 0
purser/pkg/jobqueue/jobqueuetest/contract.go:31.77,31.114 1 0
purser/pkg/jobqueue/jobqueuetest/contract.go:32.2,32.77 1 0
purser/pkg/jobqueue/jobqueuetest/contract.go:32.77,32.112 1 0
purser/pkg/jobqueue/jobqueuetest/contract.go:33.2,33.64 1 0
purser/pkg/jobqueue/jobqueuetest/contract.go:33.64,33.98 1 0
purser/pkg/jobqueue/jobqueuetest/contract.go:34.2,34.63 1 0
purser/pkg/jobqueue/jobqueuetest/contract.go:34.63,34.97 1 0
purser/pkg/jobqueue/jobqueuetest/contract.go:35.2,35.51 1 0
purser/pkg/jobqueue/jobqueuetest/contract.go:35.51,35.89 1 0
purser/pkg/jobqueue/jobqueuetest/contract.go:36.2,36.53 1 0
purser/pkg/jobqueue/jobqueuetest/contract.go:36.53,36.93 1 0
purser/pkg/jobqueue/jobqueuetest/contract.go:39.48,51.2 1 0
purser/pkg/jobqueue/jobqueuetest/contract.go:53.64,56.43 3 0
purser/pkg/jobqueue/jobqueuetest/contract.go:56.43,58.3 1 0
purser/pkg/jobqueue/jobqueuetest/contract.go:61.61,66.46 4 0
purser/pkg/jobqueue/jobqueuetest/contract.go:66.46,68.3 1 0
purser/pkg/jobqueue/jobqueuetest/contract.go:70.2,71.16 2 0
purser/pkg/jobqueue/jobqueuetest/contract.go:71.16,73.3 1 0
purser/pkg/jobqueue/jobqueuetest/contract.go:74.2,74.30 1 0
purser/pkg/jobqueue/jobqueuetest/contract.go:74.30,76.3 1 0
purser/pkg/jobqueue/jobqueuetest/contract.go:77.2,77.57 1 0
purser/pkg/jobqueue/jobqueuetest/contract.go:77.57,79.3 1 0
purser/pkg/jobqueue/jobqueuetest/contract.go:80.2,80.46 1 0
purser/pkg/jobqueue/jobqueuetest/contract.go:80.46,82.3 1 0
purser/pkg/jobqueue/jobqueuetest/contract.go:85.62,90.46 4 0
purser/pkg/jobqueue/jobqueuetest/contract.go:90.46,92.3 1 0
purser/pkg/jobqueue/jobqueuetest/contract.go:94.2,95.16 2 0
purser/pkg/jobqueue/jobqueuetest/contract.go:95.16,97.3 1 0
purser/pkg/jobqueue/jobqueuetest/contract.go:98.2,102.16 4 0
purser/pkg/jobqueue/jobqueuetest/contract.go:102.16,104.3 1 0
purser/pkg/jobqueue/jobqueuetest/contract.go:105.2,105.64 1 0
purser/pkg/jobqueue/jobqueuetest/contract.go:105.64,107.3 1 0
purser/pkg/jobqueue/jobqueuetest/contract.go:110.64,115.46 4 0
purser/pkg/jobqueue/jobqueuetest/contract.go:115.46,117.3 1 0
purser/pkg/jobqueue/jobqueuetest/contract.go:118.2,121.16 3 0
purser/pkg/jobqueue/jobqueuetest/contract.go:121.16,123.3 1 0
purser/pkg/jobqueue/jobqueuetest/contract.go:124.2,124.40 1 0
purser/pkg/jobqueue/jobqueuetest/contract.go:124.40,126.3 1 0
purser/pkg/jobqueue/jobqueuetest/contract.go:129.62,134.46 4 0
purser/pkg/jobqueue/jobqueuetest/contract.go:134.46,136.3 1 0
purser/pkg/jobqueue/jobqueuetest/contract.go:138.2,140.46 3 0
purser/pkg/jobqueue/jobqueuetest/contract.go:140.46,142.3 1 0
purser/pkg/jobqueue/jobqueuetest/contract.go:144.2,145.16 2 0
purser/pkg/jobqueue/jobqueuetest/contract.go:145.16,147.3 1 0
purser/pkg/jobqueue/jobqueuetest/contract.go:148.2,148.42 1 0
purser/pkg/jobqueue/jobqueuetest/contract.go:148.42,150.3 1 0
purser/pkg/jobqueue/jobqueuetest/contract.go:151.2,151.51 1 0
purser/pkg/jobqueue/jobqueuetest/contract.go:151.51,153.3 1 0
purser/pkg/jobqueue/jobqueuetest/contract.go:156.61,159.90 3 0
purser/pkg/jobqueue/jobqueuetest/contract.go:159.90,161.3 1 0
purser/pkg/jobqueue/jobqueuetest/contract.go:164.61,169.25 4 0
purser/pkg/jobqueue/jobqueuetest/contract.go:169.25,172.47 3 0
purser/pkg/jobqueue/jobqueuetest/contract.go:172.47,174.4 1 0
purser/pkg/jobqueue/jobqueuetest/contract.go:177.2,179.6 3 0
purser/pkg/jobqueue/jobqueuetest/contract.go:179.6,181.17 2 0
purser/pkg/jobqueue/jobqueuetest/contract.go:181.17,183.4 1 0
purser/pkg/jobqueue/jobqueuetest/contract.go:184.3,184.21 1 0
purser/pkg/jobqueue/jobqueuetest/contract.go:184.21,185.9 1 0
purser/pkg/jobqueue/jobqueuetest/contract.go:187.3,187.26 1 0
purser/pkg/jobqueue/jobqueuetest/contract.go:187.26,188.18 1 0
purser/pkg/jobqueue/jobqueuetest/contract.go:188.18,190.5 1 0
purser/pkg/jobqueue/jobqueuetest/contract.go:191.4,191.21 1 0
purser/pkg/jobqueue/jobqueuetest/contract.go:193.3,193.17 1 0
purser/pkg/jobqueue/jobqueuetest/contract.go:193.17,194.9 1 0
purser/pkg/jobqueue/jobqueuetest/contract.go:196.3,196.15 1 0
purser/pkg/jobqueue/jobqueuetest/contract.go:199.2,199.20 1 0
purser/pkg/jobqueue/jobqueuetest/contract.go:199.20,201.3 1 0
purser/pkg/jobqueue/jobqueuetest/contract.go:204.65,208.90 3 0
purser/pkg/jobqueue/jobqueuetest/contract.go:208.90,211.47 3 0
purser/pkg/jobqueue/jobqueuetest/contract.go:211.47,213.4 1 0
purser/pkg/jobqueue/jobqueuetest/contract.go:216.2,217.16 2 0
purser/pkg/jobqueue/jobqueuetest/contract.go:217.16,219.3 1 0
purser/pkg/jobqueue/jobqueuetest/contract.go:220.2,220.16 1 0
purser/pkg/jobqueue/jobqueuetest/contract.go:220.16,222.3 1 0
purser/pkg/jobqueue/jobqueuetest/contract.go:223.2,223.20 1 0
purser/pkg/jobqueue/jobqueuetest/contract.go:223.20,225.3 1 0
purser/pkg/jobqueue/jobqueuetest/contract.go:226.2,226.25 1 0
purser/pkg/jobqueue/jobqueuetest/contract.go:226.25,227.23 1 0
purser/pkg/jobqueue/jobqueuetest/contract.go:227.23,229.4 1 0
purser/pkg/jobqueue/jobqueuetest/contract.go:233.67,238.34 4 0
purser/pkg/jobqueue/jobqueuetest/contract.go:238.34,242.47 4 0
purser/pkg/jobqueue/jobqueuetest/contract.go:242.47,244.4 1 0
purser/pkg/jobqueue/jobqueuetest/contract.go:247.2,248.16 2 0
purser/pkg/jobqueue/jobqueuetest/contract.go:248.16,250.3 1 0
purser/pkg/jobqueue/jobqueuetest/contract.go:251.2,251.16 1 0
purser/pkg/jobqueue/jobqueuetest/contract.go:251.16,253.3 1 0
purser/pkg/jobqueue/jobqueuetest/contract.go:254.2,254.20 1 0
purser/pkg/jobqueue/jobqueuetest/contract.go:254.20,256.3 1 0
purser/pkg/jobqueue/jobqueuetest/contract.go:257.2,257.46 1 0
purser/pkg/jobqueue/jobqueuetest/contract.go:257.46,259.3 1 0
